#
# A fatal error has been detected by the Java Runtime Environment:
#
#  SIGILL (0x4) at pc=0x00007ff80cc8437b, pid=99778, tid=0x0000000000000103
#
# JRE version: OpenJDK Runtime Environment (8.0_312-b07) (build 1.8.0_312-b07)
# Java VM: OpenJDK 64-Bit Server VM (25.312-b07 mixed mode bsd-amd64 compressed oops)
# Problematic frame:
# C  [libsystem_platform.dylib+0x737b]  _os_unfair_lock_recursive_abort+0x17
#
# Failed to write core dump. Core dumps have been disabled. To enable core dumping, try "ulimit -c unlimited" before starting Java again
#
# If you would like to submit a bug report, please visit:
#   https://bell-sw.com/support
# The crash happened outside the Java Virtual Machine in native code.
# See problematic frame for where to report the bug.
#

---------------  T H R E A D  ---------------

Current thread (0x00007f86b4af4000):  JavaThread "AppKit Thread" daemon [_thread_in_native, id=259, stack(0x0000000305921000,0x0000000306121000)]

siginfo: si_signo: 4 (SIGILL), si_code: 1 (ILL_ILLOPC), si_addr: 0x00007ff80cc8437b

Registers:
RAX=0x0000000000000103, RBX=0x0000000001010002, RCX=0x00007ff80cc84a9c, RDX=0x0000000000000103
RSP=0x00000003060f93d8, RBP=0x00000003060f9410, RSI=0x0000000000000103, RDI=0x0000000000000103
R8 =0x011d800000000001, R9 =0x0000000000002bc0, R10=0x0000000000000040, R11=0x00000000c9e0689c
R12=0x0000000000010000, R13=0x0000000000000103, R14=0x0000000000000000, R15=0x00007ff84e5cb488
RIP=0x00007ff80cc8437b, EFLAGS=0x0000000000000203, ERR=0x0000000000000000
  TRAPNO=0x0000000000000006

Top of Stack: (sp=0x00000003060f93d8)
0x00000003060f93d8:   00007ff80cc7eb67 0000000000000103
0x00000003060f93e8:   0000000000000000 00006000024c6bc0
0x00000003060f93f8:   0000000000000000 00007ff80ccb9f77
0x00000003060f9408:   0000000000002001 00000003060f9440
0x00000003060f9418:   00007ff80ccb73f4 0000000000010005
0x00000003060f9428:   0000000000000000 00000003060f9498
0x00000003060f9438:   0000000000002001 00000003060f9480
0x00000003060f9448:   00007ff80ccb7231 0000000000000000
0x00000003060f9458:   0000000000000000 00000003060f9570
0x00000003060f9468:   0000000000000000 0000000000000000
0x00000003060f9478:   0000000000000000 00000003060f94f0
0x00000003060f9488:   00007ff80ccb705f 0000000000000000
0x00000003060f9498:   0000000000000000 00007ff80ccb9f77
0x00000003060f94a8:   0000000000000000 00007ff80ccebcc9
0x00000003060f94b8:   0000000000000000 0000000000000000
0x00000003060f94c8:   00007ff80ccbbacc 0000000000000000
0x00000003060f94d8:   0000000000000000 00007ff80ccf1770
0x00000003060f94e8:   a647eb6714ec008a 00000003060f9530
0x00000003060f94f8:   00007ff80ccb6ea1 00007ff84fa87ac0
0x00000003060f9508:   0000600003d0d080 000000000000e323
0x00000003060f9518:   0000000306108320 0000000000000000
0x00000003060f9528:   0000600003572240 00000003060f95d0
0x00000003060f9538:   00007ff80fbcde41 0000600003d0d080
0x00000003060f9548:   0000000000000003 0000000000000001
0x00000003060f9558:   0000000000000000 0000000000000000
0x00000003060f9568:   0000000000000003 0000000000000000
0x00000003060f9578:   00007ff80ccb9f77 00007ff80ccebcc9
0x00000003060f9588:   00007ff80ccf1770 0000000000000000
0x00000003060f9598:   00007ff80ccbbacc a647eb6714ec008a
0x00000003060f95a8:   0000600003d0d3b0 0000600003572240
0x00000003060f95b8:   0000600003572240 000000000000e323
0x00000003060f95c8:   00000003060f9664 00000003060f9610 

Instructions: (pc=0x00007ff80cc8437b)
0x00007ff80cc8435b:   48 89 05 ee 06 94 41 0f 0b 89 f8 48 8d 0d 2f 07
0x00007ff80cc8436b:   00 00 48 89 0d ac 06 94 41 48 89 05 d5 06 94 41
0x00007ff80cc8437b:   0f 0b 89 f8 48 8d 0d 61 07 00 00 48 89 0d 93 06
0x00007ff80cc8438b:   94 41 48 89 05 bc 06 94 41 0f 0b 8d 8f 00 fe ff 

Register to memory mapping:

RAX=0x0000000000000103 is an unknown value
RBX=0x0000000001010002 is an unknown value
RCX=0x00007ff80cc84a9c: _h+0x9c in /usr/lib/system/libsystem_platform.dylib at 0x00007ff80cc7d000
RDX=0x0000000000000103 is an unknown value
RSP=0x00000003060f93d8 is pointing into the stack for thread: 0x00007f86b4af4000
RBP=0x00000003060f9410 is pointing into the stack for thread: 0x00007f86b4af4000
RSI=0x0000000000000103 is an unknown value
RDI=0x0000000000000103 is an unknown value
R8 =0x011d800000000001 is an unknown value
R9 =0x0000000000002bc0 is an unknown value
R10=0x0000000000000040 is an unknown value
R11=0x00000000c9e0689c is an unknown value
R12=0x0000000000010000 is an unknown value
R13=0x0000000000000103 is an unknown value
R14=0x0000000000000000 is an unknown value
R15=0x00007ff84e5cb488: CFBasicHashCallBackPtrsLock+0 in /System/Library/Frameworks/CoreFoundation.framework/Versions/A/CoreFoundation at 0x00007ff80ccb2000


Stack: [0x0000000305921000,0x0000000306121000],  sp=0x00000003060f93d8,  free space=8032k
Native frames: (J=compiled Java code, j=interpreted, Vv=VM code, C=native code)
C  [libsystem_platform.dylib+0x737b]  _os_unfair_lock_recursive_abort+0x17
C  [CoreFoundation+0x53f4]  CFBasicHashGetPtrIndex+0x2c
C  [CoreFoundation+0x5231]  CFBasicHashCreate+0x1b4
C  [CoreFoundation+0x505f]  __CFDictionaryCreateGeneric+0x96
C  [CoreFoundation+0x4ea1]  CFDictionaryCreateMutable+0x47
C  [IOKit+0x1e41]  IOCFSerialize+0x92
C  [IOKit+0x2884]  IOServiceGetMatchingServices+0x46
C  [libspssstat.dylib+0x34022]  FindEthernetInterfaces+0x72
C  [libspssstat.dylib+0x33f48]  IBEFB9B0EEB5E9814u+0x38
C  [libspssstat.dylib+0x22649]  TC9CD70C17E8E80D3j+0x29
C  [libspssstat.dylib+0x29d07]  NA96B2461CFEC79ABq+0x1f7
C  [libspssstat.dylib+0x128b12]  CEC3E1F57FAB31E15a+0x1a2
C  [libspssstat.dylib+0x127aad]  H551F1D5BA0087E44c+0x1d
C  [libspssstat.dylib+0x17b1c2]  QFA89719354E30A66o+0x582
C  [libspssstat.dylib+0x14ec11]  B837C6191D7EBE72Cg+0xa4e1
C  [libspssstat.dylib+0xb6d84]  G882B8FE252F022C4y+0x474
C  [libspssstat.dylib+0x953b2]  X17ABEAB3945DB6F0g+0x42
C  [libspssstat.dylib+0x71511]  A0075E55BD91F6FCAt+0x15a1
C  [libspssstat.dylib+0x6f1f0]  XE7AA6C388E3D44CFx+0x16f0
C  [libspssstat.dylib+0x6925d]  QE07F41852DE4AC7Bg+0x14d
C  [libspssstat.dylib+0xb5143]  T615820ED75A29CFAm+0x153
C  [libsystem_platform.dylib+0x35ed]  _sigtramp+0x1d
C  0x0000000000000000
C  [CoreFoundation+0x52e3]  CFBasicHashCreate+0x266
C  [CoreFoundation+0x505f]  __CFDictionaryCreateGeneric+0x96
C  [CoreFoundation+0x4ea1]  CFDictionaryCreateMutable+0x47
C  [CoreFoundation+0x1d2bb]  __CFTryParseBinaryPlist+0x8f
C  [CoreFoundation+0x114f25]  _CFPropertyListCreateWithData+0x98
C  [CoreFoundation+0x1d1b3]  CFPropertyListCreateWithData+0x33
C  [SkyLight+0x532f]  CGSPropertyListCreateWithSerializedData+0x34
C  [SkyLight+0xe66a]  CGSPropertyListCreateWithSerializedBytes+0x33
C  [SkyLight+0x70ef]  CGSPropertyListCreateWithSerializedBytesRequiringType+0xf
C  [SkyLight+0xf96b7]  SLWindowListCopyWindowInfo+0x18c
C  [libawt_lwawt.dylib+0x9652]  +[AWTWindow getTopmostWindowUnderMouseIDImpl:]+0xae
C  [libawt_lwawt.dylib+0x952c]  +[AWTWindow getTopmostWindowUnderMouseID]+0xfa
C  [libawt_lwawt.dylib+0x9a6a]  +[AWTWindow synthesizeMouseEnteredExitedEventsForAllWindows]+0x29
C  [libawt_lwawt.dylib+0xa486]  -[AWTWindow _deliverMoveResizeEvent]+0x18f
C  [CoreFoundation+0x72046]  __CFNOTIFICATIONCENTER_IS_CALLING_OUT_TO_AN_OBSERVER__+0x89
C  [CoreFoundation+0x109d6c]  ___CFXRegistrationPost_block_invoke+0x56
C  [CoreFoundation+0x109cba]  _CFXRegistrationPost+0x216
C  [CoreFoundation+0x454eb]  _CFXNotificationPost+0x31f
C  [Foundation+0x9b30]  -[NSNotificationCenter postNotificationName:object:userInfo:]+0x52
C  [AppKit+0x8c3de]  -[NSWindow _setFrameCommon:display:fromServer:]+0x129d
C  [AppKit+0x3a3244]  -[NSWindow(NSWindowResizing) _resizeWithEvent:]+0xa79
C  [AppKit+0x29aff6]  -[NSTitledFrame attemptResizeWithEvent:]+0xb1
C  [AppKit+0x29ad78]  -[NSThemeFrame handleMouseDown:]+0x12a
C  [AppKit+0x322f49]  -[NSThemeFrame mouseDown:]+0x1e
C  [AppKit+0x229f4d]  -[NSWindow(NSEventRouting) _handleMouseDownEvent:isDelayedEvent:]+0x10ea
C  [AppKit+0x1a1787]  -[NSWindow(NSEventRouting) _reallySendEvent:isDelayedEvent:]+0x194
C  [AppKit+0x1a13d7]  -[NSWindow(NSEventRouting) sendEvent:]+0x159
C  [libawt_lwawt.dylib+0x87ce]  -[AWTWindow_Normal sendEvent:]+0x56
C  [AppKit+0x19fdb1]  -[NSApplication(NSEvent) sendEvent:]+0x159
C  [libosxapp.dylib+0x2e38]  -[NSApplicationAWT sendEvent:]+0x125
C  [AppKit+0x45a6fe]  -[NSApplication _handleEvent:]+0x41
C  [AppKit+0x2f75d]  -[NSApplication run]+0x26f
C  [libosxapp.dylib+0x2b42]  +[NSApplicationAWT runAWTLoopWithApp:]+0xde
C  [libawt_lwawt.dylib+0x440b8]  -[AWTStarter starter:]+0x365
C  [Foundation+0x7f743]  __NSThreadPerformPerform+0xb1
C  [CoreFoundation+0x7c8a6]  __CFRUNLOOP_IS_CALLING_OUT_TO_A_SOURCE0_PERFORM_FUNCTION__+0x11
C  [CoreFoundation+0x7c849]  __CFRunLoopDoSource0+0x9d
C  [CoreFoundation+0x7c626]  __CFRunLoopDoSources0+0xd9
C  [CoreFoundation+0x7b2aa]  __CFRunLoopRun+0x394
C  [CoreFoundation+0x7a8bc]  CFRunLoopRunSpecific+0x230
C  [libjli.dylib+0x5506]  CreateExecutionEnvironment+0x376
C  [libjli.dylib+0x1a55]  JLI_Launch+0x7a3
C  [stats+0x359d]  startStatistics+0x9bd
C  [stats+0x3767]  main+0x177
C  0x000000020108d41f
C  0x0000000000000000


---------------  P R O C E S S  ---------------

Java Threads: ( => current thread )
  0x00007f866556a800 JavaThread "cleanup_scheduler" [_thread_blocked, id=135079, stack(0x0000000309256000,0x0000000309356000)]
  0x00007f8664eaf800 JavaThread "SwingWorker-pool-4-thread-4" daemon [_thread_blocked, id=129955, stack(0x0000000308e32000,0x0000000308f32000)]
  0x00007f8664c21800 JavaThread "SwingWorker-pool-4-thread-3" daemon [_thread_blocked, id=36475, stack(0x0000000308b29000,0x0000000308c29000)]
  0x00007f8664997800 JavaThread "SwingWorker-pool-4-thread-2" daemon [_thread_blocked, id=96039, stack(0x00000003088a6000,0x00000003089a6000)]
  0x00007f86b0d8d800 JavaThread "SwingWorker-pool-4-thread-1" daemon [_thread_blocked, id=72847, stack(0x00000003087a3000,0x00000003088a3000)]
  0x00007f866336c800 JavaThread "Thread-16" [_thread_blocked, id=127855, stack(0x0000000308d2f000,0x0000000308e2f000)]
  0x00007f8662a7a800 JavaThread "DestroyJavaVM" [_thread_blocked, id=16131, stack(0x000000030622e000,0x000000030632e000)]
  0x00007f86b3055000 JavaThread "Thread-14" [_thread_blocked, id=91523, stack(0x0000000308c2c000,0x0000000308d2c000)]
  0x00007f86b3058000 JavaThread "TimerQueue" daemon [_thread_blocked, id=63887, stack(0x0000000308a26000,0x0000000308b26000)]
  0x00007f86b267e000 JavaThread "MsgReceiverThread" [_thread_blocked, id=76291, stack(0x000000030861a000,0x000000030871a000)]
  0x00007f86b0b89000 JavaThread "DataWriteThread" [_thread_blocked, id=75527, stack(0x0000000308517000,0x0000000308617000)]
  0x00007f86b1ab7000 JavaThread "DataReadThread" [_thread_in_native, id=77227, stack(0x0000000308414000,0x0000000308514000)]
  0x00007f86b09af000 JavaThread "Thread-7" [_thread_in_native, id=39503, stack(0x00000003077f6000,0x00000003078f6000)]
  0x00007f86b3455000 JavaThread "Thread-6" [_thread_in_native, id=75267, stack(0x0000000308311000,0x0000000308411000)]
  0x00007f86b3605000 JavaThread "process reaper" daemon [_thread_in_native, id=78119, stack(0x00000003082e6000,0x000000030830e000)]
  0x00007f86b2325000 JavaThread "XML-RPC Weblistener" [_thread_in_native, id=2899, stack(0x00000003081e3000,0x00000003082e3000)]
  0x00007f86b306a800 JavaThread "AWT-EventQueue-0" [_thread_blocked, id=68735, stack(0x0000000307d28000,0x0000000307e28000)]
  0x00007f86b18e1000 JavaThread "Java2D Disposer" daemon [_thread_blocked, id=68871, stack(0x0000000307c25000,0x0000000307d25000)]
  0x00007f86b324f800 JavaThread "Java2D Queue Flusher" daemon [_thread_blocked, id=59499, stack(0x0000000307b22000,0x0000000307c22000)]
  0x00007f86b390b000 JavaThread "AWT-Shutdown" [_thread_blocked, id=44303, stack(0x00000003076f3000,0x00000003077f3000)]
=>0x00007f86b4af4000 JavaThread "AppKit Thread" daemon [_thread_in_native, id=259, stack(0x0000000305921000,0x0000000306121000)]
  0x00007f86b4af0000 JavaThread "Timer-0" daemon [_thread_blocked, id=26391, stack(0x00000003075f0000,0x00000003076f0000)]
  0x00007f86b201b000 JavaThread "Service Thread" daemon [_thread_blocked, id=30211, stack(0x00000003073ea000,0x00000003074ea000)]
  0x00007f86b300d800 JavaThread "C1 CompilerThread3" daemon [_thread_blocked, id=23299, stack(0x00000003072e7000,0x00000003073e7000)]
  0x00007f86b300c800 JavaThread "C2 CompilerThread2" daemon [_thread_blocked, id=30979, stack(0x00000003071e4000,0x00000003072e4000)]
  0x00007f86b300c000 JavaThread "C2 CompilerThread1" daemon [_thread_blocked, id=31235, stack(0x00000003070e1000,0x00000003071e1000)]
  0x00007f86b1816000 JavaThread "C2 CompilerThread0" daemon [_thread_blocked, id=31747, stack(0x0000000306fde000,0x00000003070de000)]
  0x00007f86b300a000 JavaThread "Signal Dispatcher" daemon [_thread_blocked, id=32003, stack(0x0000000306edb000,0x0000000306fdb000)]
  0x00007f86b3816800 JavaThread "Finalizer" daemon [_thread_blocked, id=19739, stack(0x0000000306d4f000,0x0000000306e4f000)]
  0x00007f86b4810800 JavaThread "Reference Handler" daemon [_thread_blocked, id=20003, stack(0x0000000306c4c000,0x0000000306d4c000)]

Other Threads:
  0x00007f86b281e800 VMThread [stack: 0x0000000306b49000,0x0000000306c49000] [id=20483]
  0x00007f86b201c000 WatcherThread [stack: 0x00000003074ed000,0x00000003075ed000] [id=24323]

VM state:not at safepoint (normal execution)

VM Mutex/Monitor currently owned by a thread: None

heap address: 0x0000000740000000, size: 2048 MB, Compressed Oops mode: Zero based, Oop shift amount: 3
Narrow klass base: 0x0000000000000000, Narrow klass shift: 3
Compressed class space size: 1073741824 Address: 0x00000007c0000000

Heap:
 PSYoungGen      total 69120K, used 44652K [0x0000000795580000, 0x000000079a680000, 0x00000007c0000000)
  eden space 55808K, 71% used [0x0000000795580000,0x0000000797c4d9a8,0x0000000798c00000)
  from space 13312K, 36% used [0x0000000798c00000,0x00000007990cd6b0,0x0000000799900000)
  to   space 13312K, 0% used [0x0000000799980000,0x0000000799980000,0x000000079a680000)
 ParOldGen       total 116736K, used 98224K [0x0000000740000000, 0x0000000747200000, 0x0000000795580000)
  object space 116736K, 84% used [0x0000000740000000,0x0000000745fec0b8,0x0000000747200000)
 Metaspace       used 71273K, capacity 72280K, committed 72960K, reserved 1112064K
  class space    used 9928K, capacity 10124K, committed 10240K, reserved 1048576K

Card table byte_map: [0x0000000109cfa000,0x000000010a0fb000] byte_map_base: 0x00000001062fa000

Marking Bits: (ParMarkBitMap*) 0x000000010ae2cf08
 Begin Bits: [0x000000011b54a000, 0x000000011d54a000)
 End Bits:   [0x000000011d54a000, 0x000000011f54a000)

Polling page: 0x00000001095f4000

CodeCache: size=245760Kb used=45509Kb max_used=45518Kb free=200250Kb
 bounds [0x000000010c54a000, 0x000000010f21a000, 0x000000011b54a000]
 total_blobs=13645 nmethods=12726 adapters=829
 compilation: enabled

Compilation events (10 events):
Event: 45551.550 Thread 0x00007f86b1816000 17384       4       apple.laf.JRSUIState$ScrollBarState::isDerivationSame (37 bytes)
Event: 45551.552 Thread 0x00007f86b1816000 nmethod 17384 0x000000010d2e34d0 code [0x000000010d2e3620, 0x000000010d2e36f8]
Event: 45551.571 Thread 0x00007f86b300d800 17385       3       javax.swing.plaf.basic.BasicMenuUI::getMaximumSize (36 bytes)
Event: 45551.573 Thread 0x00007f86b300d800 nmethod 17385 0x000000010f211110 code [0x000000010f2112c0, 0x000000010f211ac8]
Event: 45551.605 Thread 0x00007f86b300c000 17386       4       java.text.NumberFormat::<init> (62 bytes)
Event: 45551.606 Thread 0x00007f86b300c000 nmethod 17386 0x000000010c91bcd0 code [0x000000010c91be20, 0x000000010c91beb8]
Event: 45551.657 Thread 0x00007f86b300c800 17387       4       java.awt.geom.Rectangle2D::intersects (85 bytes)
Event: 45551.659 Thread 0x00007f86b300c800 nmethod 17387 0x000000010f20ed50 code [0x000000010f20eee0, 0x000000010f20f2f8]
Event: 45551.668 Thread 0x00007f86b300d800 17388       3       sun.java2d.pipe.BufferedContext::resetClip (19 bytes)
Event: 45551.669 Thread 0x00007f86b300d800 nmethod 17388 0x000000010f217b50 code [0x000000010f217ce0, 0x000000010f218228]

GC Heap History (10 events):
Event: 44218.948 GC heap before
{Heap before GC invocations=322 (full 23):
 PSYoungGen      total 69120K, used 62880K [0x0000000795580000, 0x000000079a780000, 0x00000007c0000000)
  eden space 55296K, 100% used [0x0000000795580000,0x0000000798b80000,0x0000000798b80000)
  from space 13824K, 54% used [0x0000000799a00000,0x000000079a168010,0x000000079a780000)
  to   space 14336K, 0% used [0x0000000798b80000,0x0000000798b80000,0x0000000799980000)
 ParOldGen       total 116736K, used 94131K [0x0000000740000000, 0x0000000747200000, 0x0000000795580000)
  object space 116736K, 80% used [0x0000000740000000,0x0000000745becf60,0x0000000747200000)
 Metaspace       used 71245K, capacity 72280K, committed 72960K, reserved 1112064K
  class space    used 9927K, capacity 10124K, committed 10240K, reserved 1048576K
Event: 44218.974 GC heap after
Heap after GC invocations=322 (full 23):
 PSYoungGen      total 69632K, used 7601K [0x0000000795580000, 0x000000079a700000, 0x00000007c0000000)
  eden space 55296K, 0% used [0x0000000795580000,0x0000000795580000,0x0000000798b80000)
  from space 14336K, 53% used [0x0000000798b80000,0x00000007992ec590,0x0000000799980000)
  to   space 13824K, 0% used [0x0000000799980000,0x0000000799980000,0x000000079a700000)
 ParOldGen       total 116736K, used 94187K [0x0000000740000000, 0x0000000747200000, 0x0000000795580000)
  object space 116736K, 80% used [0x0000000740000000,0x0000000745bfaf60,0x0000000747200000)
 Metaspace       used 71245K, capacity 72280K, committed 72960K, reserved 1112064K
  class space    used 9927K, capacity 10124K, committed 10240K, reserved 1048576K
}
Event: 44272.305 GC heap before
{Heap before GC invocations=323 (full 23):
 PSYoungGen      total 69632K, used 62897K [0x0000000795580000, 0x000000079a700000, 0x00000007c0000000)
  eden space 55296K, 100% used [0x0000000795580000,0x0000000798b80000,0x0000000798b80000)
  from space 14336K, 53% used [0x0000000798b80000,0x00000007992ec590,0x0000000799980000)
  to   space 13824K, 0% used [0x0000000799980000,0x0000000799980000,0x000000079a700000)
 ParOldGen       total 116736K, used 94187K [0x0000000740000000, 0x0000000747200000, 0x0000000795580000)
  object space 116736K, 80% used [0x0000000740000000,0x0000000745bfaf60,0x0000000747200000)
 Metaspace       used 71260K, capacity 72280K, committed 72960K, reserved 1112064K
  class space    used 9928K, capacity 10124K, committed 10240K, reserved 1048576K
Event: 44272.346 GC heap after
Heap after GC invocations=323 (full 23):
 PSYoungGen      total 68608K, used 7687K [0x0000000795580000, 0x000000079a600000, 0x00000007c0000000)
  eden space 55808K, 0% used [0x0000000795580000,0x0000000795580000,0x0000000798c00000)
  from space 12800K, 60% used [0x0000000799980000,0x000000079a101e20,0x000000079a600000)
  to   space 13312K, 0% used [0x0000000798c00000,0x0000000798c00000,0x0000000799900000)
 ParOldGen       total 116736K, used 94243K [0x0000000740000000, 0x0000000747200000, 0x0000000795580000)
  object space 116736K, 80% used [0x0000000740000000,0x0000000745c08f60,0x0000000747200000)
 Metaspace       used 71260K, capacity 72280K, committed 72960K, reserved 1112064K
  class space    used 9928K, capacity 10124K, committed 10240K, reserved 1048576K
}
Event: 44906.930 GC heap before
{Heap before GC invocations=324 (full 23):
 PSYoungGen      total 68608K, used 63495K [0x0000000795580000, 0x000000079a600000, 0x00000007c0000000)
  eden space 55808K, 100% used [0x0000000795580000,0x0000000798c00000,0x0000000798c00000)
  from space 12800K, 60% used [0x0000000799980000,0x000000079a101e20,0x000000079a600000)
  to   space 13312K, 0% used [0x0000000798c00000,0x0000000798c00000,0x0000000799900000)
 ParOldGen       total 116736K, used 94243K [0x0000000740000000, 0x0000000747200000, 0x0000000795580000)
  object space 116736K, 80% used [0x0000000740000000,0x0000000745c08f60,0x0000000747200000)
 Metaspace       used 71267K, capacity 72280K, committed 72960K, reserved 1112064K
  class space    used 9928K, capacity 10124K, committed 10240K, reserved 1048576K
Event: 44906.999 GC heap after
Heap after GC invocations=324 (full 23):
 PSYoungGen      total 69120K, used 7374K [0x0000000795580000, 0x000000079a580000, 0x00000007c0000000)
  eden space 55808K, 0% used [0x0000000795580000,0x0000000795580000,0x0000000798c00000)
  from space 13312K, 55% used [0x0000000798c00000,0x0000000799333a10,0x0000000799900000)
  to   space 12800K, 0% used [0x0000000799900000,0x0000000799900000,0x000000079a580000)
 ParOldGen       total 116736K, used 94507K [0x0000000740000000, 0x0000000747200000, 0x0000000795580000)
  object space 116736K, 80% used [0x0000000740000000,0x0000000745c4af60,0x0000000747200000)
 Metaspace       used 71267K, capacity 72280K, committed 72960K, reserved 1112064K
  class space    used 9928K, capacity 10124K, committed 10240K, reserved 1048576K
}
Event: 45327.503 GC heap before
{Heap before GC invocations=325 (full 23):
 PSYoungGen      total 69120K, used 63182K [0x0000000795580000, 0x000000079a580000, 0x00000007c0000000)
  eden space 55808K, 100% used [0x0000000795580000,0x0000000798c00000,0x0000000798c00000)
  from space 13312K, 55% used [0x0000000798c00000,0x0000000799333a10,0x0000000799900000)
  to   space 12800K, 0% used [0x0000000799900000,0x0000000799900000,0x000000079a580000)
 ParOldGen       total 116736K, used 94507K [0x0000000740000000, 0x0000000747200000, 0x0000000795580000)
  object space 116736K, 80% used [0x0000000740000000,0x0000000745c4af60,0x0000000747200000)
 Metaspace       used 71272K, capacity 72280K, committed 72960K, reserved 1112064K
  class space    used 9928K, capacity 10124K, committed 10240K, reserved 1048576K
Event: 45327.558 GC heap after
Heap after GC invocations=325 (full 23):
 PSYoungGen      total 68608K, used 10693K [0x0000000795580000, 0x000000079a680000, 0x00000007c0000000)
  eden space 55808K, 0% used [0x0000000795580000,0x0000000795580000,0x0000000798c00000)
  from space 12800K, 83% used [0x0000000799900000,0x000000079a371788,0x000000079a580000)
  to   space 13312K, 0% used [0x0000000798c00000,0x0000000798c00000,0x0000000799900000)
 ParOldGen       total 116736K, used 98184K [0x0000000740000000, 0x0000000747200000, 0x0000000795580000)
  object space 116736K, 84% used [0x0000000740000000,0x0000000745fe20b8,0x0000000747200000)
 Metaspace       used 71272K, capacity 72280K, committed 72960K, reserved 1112064K
  class space    used 9928K, capacity 10124K, committed 10240K, reserved 1048576K
}
Event: 45449.329 GC heap before
{Heap before GC invocations=326 (full 23):
 PSYoungGen      total 68608K, used 66501K [0x0000000795580000, 0x000000079a680000, 0x00000007c0000000)
  eden space 55808K, 100% used [0x0000000795580000,0x0000000798c00000,0x0000000798c00000)
  from space 12800K, 83% used [0x0000000799900000,0x000000079a371788,0x000000079a580000)
  to   space 13312K, 0% used [0x0000000798c00000,0x0000000798c00000,0x0000000799900000)
 ParOldGen       total 116736K, used 98184K [0x0000000740000000, 0x0000000747200000, 0x0000000795580000)
  object space 116736K, 84% used [0x0000000740000000,0x0000000745fe20b8,0x0000000747200000)
 Metaspace       used 71272K, capacity 72280K, committed 72960K, reserved 1112064K
  class space    used 9928K, capacity 10124K, committed 10240K, reserved 1048576K
Event: 45449.349 GC heap after
Heap after GC invocations=326 (full 23):
 PSYoungGen      total 69120K, used 4917K [0x0000000795580000, 0x000000079a680000, 0x00000007c0000000)
  eden space 55808K, 0% used [0x0000000795580000,0x0000000795580000,0x0000000798c00000)
  from space 13312K, 36% used [0x0000000798c00000,0x00000007990cd6b0,0x0000000799900000)
  to   space 13312K, 0% used [0x0000000799980000,0x0000000799980000,0x000000079a680000)
 ParOldGen       total 116736K, used 98224K [0x0000000740000000, 0x0000000747200000, 0x0000000795580000)
  object space 116736K, 84% used [0x0000000740000000,0x0000000745fec0b8,0x0000000747200000)
 Metaspace       used 71272K, capacity 72280K, committed 72960K, reserved 1112064K
  class space    used 9928K, capacity 10124K, committed 10240K, reserved 1048576K
}

Deoptimization events (10 events):
Event: 43451.967 Thread 0x00007f86b306a800 Uncommon trap: reason=class_check action=maybe_recompile pc=0x000000010de8447c method=com.spss.java_client.ui.doc_types.output.ViewerItem.changeCursor(Ljava/awt/Point;Z)Z @ 17
Event: 44265.983 Thread 0x00007f86b306a800 Uncommon trap: reason=bimorphic action=maybe_recompile pc=0x000000010cab1770 method=java.awt.Component.processMouseMotionEvent(Ljava/awt/event/MouseEvent;)V @ 52
Event: 44265.993 Thread 0x00007f86b306a800 Uncommon trap: reason=bimorphic action=maybe_recompile pc=0x000000010cab1770 method=java.awt.Component.processMouseMotionEvent(Ljava/awt/event/MouseEvent;)V @ 52
Event: 44266.063 Thread 0x00007f86b306a800 Uncommon trap: reason=unstable_if action=reinterpret pc=0x000000010c91b714 method=sun.java2d.loops.ProcessPath.ProcessMonotonicCubic(Lsun/java2d/loops/ProcessPath$ProcessHandler;[F[I)V @ 225
Event: 44266.404 Thread 0x00007f86b306a800 Uncommon trap: reason=unstable_if action=reinterpret pc=0x000000010ec5ee3c method=com.ibm.statistics.lighttable.renderer.SimpleRenderer.renderDataCells(Ljava/awt/Graphics;Ljava/awt/Rectangle;IILjava/awt/Rectangle;)V @ 315
Event: 44266.409 Thread 0x00007f86b306a800 Uncommon trap: reason=unstable_if action=reinterpret pc=0x000000010e985ad0 method=com.ibm.statistics.lighttable.renderer.SimpleRenderer.renderDataCellBorders(Ljava/awt/Graphics;Ljava/awt/Rectangle;IILjava/awt/Rectangle;)V @ 121
Event: 44266.410 Thread 0x00007f86b306a800 Uncommon trap: reason=unstable_if action=reinterpret pc=0x000000010ed2b168 method=java.awt.geom.Rectangle2D.intersects(DDDD)Z @ 64
Event: 44266.410 Thread 0x00007f86b306a800 Uncommon trap: reason=unstable_if action=reinterpret pc=0x000000010db77228 method=java.awt.geom.Rectangle2D.intersects(DDDD)Z @ 64
Event: 45551.533 Thread 0x00007f86b306a800 Uncommon trap: reason=unstable_if action=reinterpret pc=0x000000010e181204 method=sun.java2d.pipe.RenderQueue.ensureCapacity(I)V @ 8
Event: 45551.664 Thread 0x00007f86b306a800 Uncommon trap: reason=unstable_if action=reinterpret pc=0x000000010c7165b0 method=sun.java2d.opengl.OGLSurfaceDataProxy.createProxy(Lsun/java2d/SurfaceData;Lsun/java2d/opengl/OGLGraphicsConfig;)Lsun/java2d/SurfaceDataProxy; @ 4

Classes redefined (0 events):
No events

Internal exceptions (10 events):
Event: 45514.408 Thread 0x00007f86b2325000 Exception <a 'java/net/SocketTimeoutException': Accept timed out> (0x00000007959d1198) thrown at [/ws/workspace/jdk-8u312/label/macosx-x86_64/type/b8/build/hotspot/src/share/vm/prims/jni.cpp, line 738]
Event: 45518.509 Thread 0x00007f86b2325000 Exception <a 'java/net/SocketTimeoutException': Accept timed out> (0x00000007959d1530) thrown at [/ws/workspace/jdk-8u312/label/macosx-x86_64/type/b8/build/hotspot/src/share/vm/prims/jni.cpp, line 738]
Event: 45522.609 Thread 0x00007f86b2325000 Exception <a 'java/net/SocketTimeoutException': Accept timed out> (0x00000007959d2140) thrown at [/ws/workspace/jdk-8u312/label/macosx-x86_64/type/b8/build/hotspot/src/share/vm/prims/jni.cpp, line 738]
Event: 45526.710 Thread 0x00007f86b2325000 Exception <a 'java/net/SocketTimeoutException': Accept timed out> (0x00000007959d24d8) thrown at [/ws/workspace/jdk-8u312/label/macosx-x86_64/type/b8/build/hotspot/src/share/vm/prims/jni.cpp, line 738]
Event: 45530.812 Thread 0x00007f86b2325000 Exception <a 'java/net/SocketTimeoutException': Accept timed out> (0x0000000795ae4f20) thrown at [/ws/workspace/jdk-8u312/label/macosx-x86_64/type/b8/build/hotspot/src/share/vm/prims/jni.cpp, line 738]
Event: 45534.912 Thread 0x00007f86b2325000 Exception <a 'java/net/SocketTimeoutException': Accept timed out> (0x0000000795ae52b8) thrown at [/ws/workspace/jdk-8u312/label/macosx-x86_64/type/b8/build/hotspot/src/share/vm/prims/jni.cpp, line 738]
Event: 45539.009 Thread 0x00007f86b2325000 Exception <a 'java/net/SocketTimeoutException': Accept timed out> (0x0000000795ae5650) thrown at [/ws/workspace/jdk-8u312/label/macosx-x86_64/type/b8/build/hotspot/src/share/vm/prims/jni.cpp, line 738]
Event: 45543.110 Thread 0x00007f86b2325000 Exception <a 'java/net/SocketTimeoutException': Accept timed out> (0x0000000795bf7720) thrown at [/ws/workspace/jdk-8u312/label/macosx-x86_64/type/b8/build/hotspot/src/share/vm/prims/jni.cpp, line 738]
Event: 45547.207 Thread 0x00007f86b2325000 Exception <a 'java/net/SocketTimeoutException': Accept timed out> (0x0000000795bf7ab8) thrown at [/ws/workspace/jdk-8u312/label/macosx-x86_64/type/b8/build/hotspot/src/share/vm/prims/jni.cpp, line 738]
Event: 45551.308 Thread 0x00007f86b2325000 Exception <a 'java/net/SocketTimeoutException': Accept timed out> (0x0000000795bf86d0) thrown at [/ws/workspace/jdk-8u312/label/macosx-x86_64/type/b8/build/hotspot/src/share/vm/prims/jni.cpp, line 738]

Events (10 events):
Event: 45449.349 Executing VM operation: ParallelGCFailedAllocation done
Event: 45462.398 Executing VM operation: RevokeBias
Event: 45462.400 Executing VM operation: RevokeBias done
Event: 45462.400 Thread 0x00007f8664eb3800 Thread exited: 0x00007f8664eb3800
Event: 45551.533 Thread 0x00007f86b306a800 Uncommon trap: trap_request=0xffffff65 fr.pc=0x000000010e181204
Event: 45551.533 Thread 0x00007f86b306a800 DEOPT PACKING pc=0x000000010e181204 sp=0x0000000307e24ba0
Event: 45551.533 Thread 0x00007f86b306a800 DEOPT UNPACKING pc=0x000000010c58f47a sp=0x0000000307e24b18 mode 2
Event: 45551.664 Thread 0x00007f86b306a800 Uncommon trap: trap_request=0xffffff65 fr.pc=0x000000010c7165b0
Event: 45551.664 Thread 0x00007f86b306a800 DEOPT PACKING pc=0x000000010c7165b0 sp=0x0000000307e25a00
Event: 45551.664 Thread 0x00007f86b306a800 DEOPT UNPACKING pc=0x000000010c58f47a sp=0x0000000307e25968 mode 2


Dynamic libraries:
0x00007ff8266b8000 	/System/Library/Frameworks/Cocoa.framework/Versions/A/Cocoa
0x00007ff80fcec000 	/System/Library/Frameworks/AppKit.framework/Versions/C/AppKit
0x00007ff8129f4000 	/System/Library/Frameworks/CoreData.framework/Versions/A/CoreData
0x00007ff80daba000 	/System/Library/Frameworks/Foundation.framework/Versions/C/Foundation
0x00007ff81915e000 	/usr/lib/libSystem.B.dylib
0x00007ff810cf4000 	/System/Library/PrivateFrameworks/UIFoundation.framework/Versions/A/UIFoundation
0x00007ffb12516000 	/System/Library/PrivateFrameworks/CollectionViewCore.framework/Versions/A/CollectionViewCore
0x00007ff8205cb000 	/System/Library/PrivateFrameworks/RemoteViewServices.framework/Versions/A/RemoteViewServices
0x00007ff816f56000 	/System/Library/PrivateFrameworks/XCTTargetBootstrap.framework/Versions/A/XCTTargetBootstrap
0x00007ff81c0a4000 	/System/Library/PrivateFrameworks/InternationalSupport.framework/Versions/A/InternationalSupport
0x00007ff81c12d000 	/System/Library/PrivateFrameworks/UserActivity.framework/Versions/A/UserActivity
0x00007ffb29467000 	/System/Library/PrivateFrameworks/WindowManagement.framework/Versions/A/WindowManagement
0x00007ff80d7a9000 	/System/Library/Frameworks/SystemConfiguration.framework/Versions/A/SystemConfiguration
0x00007ff81b482000 	/usr/lib/libspindump.dylib
0x00007ff810ec2000 	/System/Library/Frameworks/UniformTypeIdentifiers.framework/Versions/A/UniformTypeIdentifiers
0x00007ff815110000 	/usr/lib/libapp_launch_measurement.dylib
0x00007ff813e77000 	/System/Library/PrivateFrameworks/CoreAnalytics.framework/Versions/A/CoreAnalytics
0x00007ff815113000 	/System/Library/PrivateFrameworks/CoreAutoLayout.framework/Versions/A/CoreAutoLayout
0x00007ff8167c1000 	/System/Library/Frameworks/Metal.framework/Versions/A/Metal
0x00007ff8176df000 	/usr/lib/liblangid.dylib
0x00007ff816f5b000 	/System/Library/PrivateFrameworks/CoreSVG.framework/Versions/A/CoreSVG
0x00007ff81182a000 	/System/Library/PrivateFrameworks/SkyLight.framework/Versions/A/SkyLight
0x00007ff811c1d000 	/System/Library/Frameworks/CoreGraphics.framework/Versions/A/CoreGraphics
0x00007ff820cb1000 	/System/Library/Frameworks/Accelerate.framework/Versions/A/Accelerate
0x00007ff81aef3000 	/System/Library/PrivateFrameworks/IconServices.framework/Versions/A/IconServices
0x00007ff8167a2000 	/System/Library/Frameworks/IOSurface.framework/Versions/A/IOSurface
0x00007ff813ea2000 	/usr/lib/libDiagnosticMessagesClient.dylib
0x00007ff81906f000 	/usr/lib/libz.1.dylib
0x00007ff824378000 	/System/Library/Frameworks/ApplicationServices.framework/Versions/A/ApplicationServices
0x00007ff816f42000 	/System/Library/PrivateFrameworks/DFRFoundation.framework/Versions/A/DFRFoundation
0x00007ff80f5b6000 	/usr/lib/libicucore.A.dylib
0x00007ff81cf43000 	/System/Library/Frameworks/AudioToolbox.framework/Versions/A/AudioToolbox
0x00007ff81c0af000 	/System/Library/PrivateFrameworks/DataDetectorsCore.framework/Versions/A/DataDetectorsCore
0x00007ff9146a0000 	/System/Library/PrivateFrameworks/TextInput.framework/Versions/A/TextInput
0x00007ff811793000 	/usr/lib/libMobileGestalt.dylib
0x00007ff816c4a000 	/System/Library/Frameworks/Carbon.framework/Versions/A/Frameworks/HIToolbox.framework/Versions/A/HIToolbox
0x00007ff814a9c000 	/System/Library/Frameworks/QuartzCore.framework/Versions/A/QuartzCore
0x00007ff80f224000 	/System/Library/Frameworks/Security.framework/Versions/A/Security
0x00007ff820603000 	/System/Library/Frameworks/Carbon.framework/Versions/A/Frameworks/SpeechRecognition.framework/Versions/A/SpeechRecognition
0x00007ff814e4f000 	/System/Library/PrivateFrameworks/CoreUI.framework/Versions/A/CoreUI
0x00007ff80eb72000 	/System/Library/Frameworks/CoreAudio.framework/Versions/A/CoreAudio
0x00007ff813f7b000 	/System/Library/Frameworks/DiskArbitration.framework/Versions/A/DiskArbitration
0x00007ff81b89e000 	/System/Library/PrivateFrameworks/MultitouchSupport.framework/Versions/A/MultitouchSupport
0x00007ff811792000 	/usr/lib/libenergytrace.dylib
0x00007ff80fbcc000 	/System/Library/Frameworks/IOKit.framework/Versions/A/IOKit
0x00007ff820a00000 	/System/Library/Frameworks/CoreServices.framework/Versions/A/CoreServices
0x00007ff8150a8000 	/System/Library/PrivateFrameworks/PerformanceAnalysis.framework/Versions/A/PerformanceAnalysis
0x00007ffa2578c000 	/System/Library/Frameworks/OpenGL.framework/Versions/A/OpenGL
0x00007ff81515b000 	/usr/lib/libxml2.2.dylib
0x00007ff818508000 	/System/Library/PrivateFrameworks/MobileKeyBag.framework/Versions/A/MobileKeyBag
0x00007ff80c8b8000 	/usr/lib/libobjc.A.dylib
0x00007ff80cb82000 	/usr/lib/libc++.1.dylib
0x00007ff81242a000 	/System/Library/Frameworks/ColorSync.framework/Versions/A/ColorSync
0x00007ff80ccb2000 	/System/Library/Frameworks/CoreFoundation.framework/Versions/A/CoreFoundation
0x00007ff8172ab000 	/System/Library/Frameworks/CoreImage.framework/Versions/A/CoreImage
0x00007ff80e980000 	/System/Library/Frameworks/CoreText.framework/Versions/A/CoreText
0x00007ff816f92000 	/System/Library/Frameworks/ImageIO.framework/Versions/A/ImageIO
0x00007ff819164000 	/System/Library/PrivateFrameworks/SoftLinking.framework/Versions/A/SoftLinking
0x00007ff8193e5000 	/usr/lib/libcompression.dylib
0x00007ff81bfdd000 	/System/Library/PrivateFrameworks/TextureIO.framework/Versions/A/TextureIO
0x00007ff81ab1d000 	/usr/lib/libate.dylib
0x00007ff819158000 	/usr/lib/system/libcache.dylib
0x00007ff81910f000 	/usr/lib/system/libcommonCrypto.dylib
0x00007ff81913c000 	/usr/lib/system/libcompiler_rt.dylib
0x00007ff81912e000 	/usr/lib/system/libcopyfile.dylib
0x00007ff80c9eb000 	/usr/lib/system/libcorecrypto.dylib
0x00007ff80caaf000 	/usr/lib/system/libdispatch.dylib
0x00007ff80cc59000 	/usr/lib/system/libdyld.dylib
0x00007ff81914e000 	/usr/lib/system/libkeymgr.dylib
0x00007ff8190ee000 	/usr/lib/system/libmacho.dylib
0x00007ff8185f6000 	/usr/lib/system/libquarantine.dylib
0x00007ff81914c000 	/usr/lib/system/libremovefile.dylib
0x00007ff8117f8000 	/usr/lib/system/libsystem_asl.dylib
0x00007ff80c98c000 	/usr/lib/system/libsystem_blocks.dylib
0x00007ff80cafa000 	/usr/lib/system/libsystem_c.dylib
0x00007ff819144000 	/usr/lib/system/libsystem_collections.dylib
0x00007ff8176d0000 	/usr/lib/system/libsystem_configuration.dylib
0x00007ff816773000 	/usr/lib/system/libsystem_containermanager.dylib
0x00007ff818da2000 	/usr/lib/system/libsystem_coreservices.dylib
0x00007ff80f847000 	/usr/lib/system/libsystem_darwin.dylib
0x00007ff81914f000 	/usr/lib/system/libsystem_dnssd.dylib
0x00007ff80caf7000 	/usr/lib/system/libsystem_featureflags.dylib
0x00007ff80cc87000 	/usr/lib/system/libsystem_info.dylib
0x00007ff819082000 	/usr/lib/system/libsystem_m.dylib
0x00007ff80ca82000 	/usr/lib/system/libsystem_malloc.dylib
0x00007ff81177b000 	/usr/lib/system/libsystem_networkextension.dylib
0x00007ff80fc8a000 	/usr/lib/system/libsystem_notify.dylib
0x00007ff8176d4000 	/usr/lib/system/libsystem_sandbox.dylib
0x00007ff819149000 	/usr/lib/system/libsystem_secinit.dylib
0x00007ff80cc13000 	/usr/lib/system/libsystem_kernel.dylib
0x00007ff80cc7d000 	/usr/lib/system/libsystem_platform.dylib
0x00007ff80cc4d000 	/usr/lib/system/libsystem_pthread.dylib
0x00007ff813239000 	/usr/lib/system/libsystem_symptoms.dylib
0x00007ff80c9d1000 	/usr/lib/system/libsystem_trace.dylib
0x00007ff81911b000 	/usr/lib/system/libunwind.dylib
0x00007ff80c990000 	/usr/lib/system/libxpc.dylib
0x00007ff80cbfe000 	/usr/lib/libc++abi.dylib
0x00007ff819126000 	/usr/lib/liboah.dylib
0x00007ff81a8aa000 	/usr/lib/liblzma.5.dylib
0x00007ff819160000 	/usr/lib/libfakelink.dylib
0x00007ff8113da000 	/System/Library/Frameworks/CFNetwork.framework/Versions/A/CFNetwork
0x00007ff81929d000 	/usr/lib/libarchive.2.dylib
0x00007ff81e899000 	/System/Library/Frameworks/Combine.framework/Versions/A/Combine
0x00007ff81c9df000 	/usr/lib/swift/libswiftCore.dylib
0x00007ff91166b000 	/usr/lib/swift/libswiftCoreFoundation.dylib
0x00007ff90f6fb000 	/usr/lib/swift/libswiftDarwin.dylib
0x00007ff822252000 	/usr/lib/swift/libswiftDispatch.dylib
0x00007ff911687000 	/usr/lib/swift/libswiftIOKit.dylib
0x00007ff8247b7000 	/usr/lib/swift/libswiftObjectiveC.dylib
0x00007ff91167c000 	/usr/lib/swift/libswiftXPC.dylib
0x00007ffc12021000 	/usr/lib/swift/libswift_Concurrency.dylib
0x00007ffc1215e000 	/usr/lib/swift/libswift_StringProcessing.dylib
0x00007ff8247bb000 	/usr/lib/swift/libswiftos.dylib
0x00007ff80fb4e000 	/System/Library/PrivateFrameworks/CoreServicesInternal.framework/Versions/A/CoreServicesInternal
0x00007ff81861d000 	/usr/lib/libbsm.0.dylib
0x00007ff8190f3000 	/usr/lib/system/libkxld.dylib
0x00007ff8150dc000 	/System/Library/Frameworks/CoreServices.framework/Versions/A/Frameworks/FSEvents.framework/Versions/A/FSEvents
0x00007ff80f852000 	/System/Library/Frameworks/CoreServices.framework/Versions/A/Frameworks/CarbonCore.framework/Versions/A/CarbonCore
0x00007ff813ee5000 	/System/Library/Frameworks/CoreServices.framework/Versions/A/Frameworks/Metadata.framework/Versions/A/Metadata
0x00007ff818da8000 	/System/Library/Frameworks/CoreServices.framework/Versions/A/Frameworks/OSServices.framework/Versions/A/OSServices
0x00007ff819325000 	/System/Library/Frameworks/CoreServices.framework/Versions/A/Frameworks/SearchKit.framework/Versions/A/SearchKit
0x00007ff8131c1000 	/System/Library/Frameworks/CoreServices.framework/Versions/A/Frameworks/AE.framework/Versions/A/AE
0x00007ff80d14d000 	/System/Library/Frameworks/CoreServices.framework/Versions/A/Frameworks/LaunchServices.framework/Versions/A/LaunchServices
0x00007ff81a85b000 	/System/Library/Frameworks/CoreServices.framework/Versions/A/Frameworks/DictionaryServices.framework/Versions/A/DictionaryServices
0x00007ff8150e9000 	/System/Library/Frameworks/CoreServices.framework/Versions/A/Frameworks/SharedFileList.framework/Versions/A/SharedFileList
0x00007ff8193af000 	/usr/lib/libapple_nghttp2.dylib
0x00007ff8113d6000 	/usr/lib/libnetwork.dylib
0x00007ff812e73000 	/usr/lib/libsqlite3.dylib
0x00007ff813241000 	/System/Library/Frameworks/Network.framework/Versions/A/Network
0x00007ffc10f8c000 	/usr/lib/libCoreEntitlements.dylib
0x00007ffb1bf93000 	/System/Library/PrivateFrameworks/MessageSecurity.framework/Versions/A/MessageSecurity
0x00007ff812e5a000 	/System/Library/PrivateFrameworks/ProtocolBuffer.framework/Versions/A/ProtocolBuffer
0x00007ff818cc4000 	/System/Library/PrivateFrameworks/AppleFSCompression.framework/Versions/A/AppleFSCompression
0x00007ff818605000 	/usr/lib/libcoretls.dylib
0x00007ff81a8c3000 	/usr/lib/libcoretls_cfhelpers.dylib
0x00007ff8193df000 	/usr/lib/libpam.2.dylib
0x00007ff81a936000 	/usr/lib/libxar.1.dylib
0x00007ff81aecf000 	/usr/lib/libheimdal-asn1.dylib
0x00007ff819165000 	/usr/lib/libpcap.A.dylib
0x00007ff813230000 	/usr/lib/libdns_services.dylib
0x00007ff8176db000 	/System/Library/PrivateFrameworks/AppleSystemInfo.framework/Versions/A/AppleSystemInfo
0x00007ff81830f000 	/System/Library/PrivateFrameworks/IOMobileFramebuffer.framework/Versions/A/IOMobileFramebuffer
0x00007ff818d93000 	/usr/lib/libbz2.1.0.dylib
0x00007ff8185f9000 	/usr/lib/libCheckFix.dylib
0x00007ff81180f000 	/System/Library/PrivateFrameworks/TCC.framework/Versions/A/TCC
0x00007ff8176e1000 	/System/Library/PrivateFrameworks/CoreNLP.framework/Versions/A/CoreNLP
0x00007ff813ea4000 	/System/Library/PrivateFrameworks/MetadataUtilities.framework/Versions/A/MetadataUtilities
0x00007ff81862e000 	/usr/lib/libmecab.dylib
0x00007ff80d829000 	/usr/lib/libCRFSuite.dylib
0x00007ff818687000 	/usr/lib/libgermantok.dylib
0x00007ff81938b000 	/usr/lib/libThaiTokenizer.dylib
0x00007ff813f83000 	/System/Library/Frameworks/Accelerate.framework/Versions/A/Frameworks/vImage.framework/Versions/A/vImage
0x00007ff8209d3000 	/System/Library/Frameworks/Accelerate.framework/Versions/A/Frameworks/vecLib.framework/Versions/A/vecLib
0x00007ff81a978000 	/System/Library/Frameworks/Accelerate.framework/Versions/A/Frameworks/vecLib.framework/Versions/A/libvMisc.dylib
0x00007ff81810a000 	/System/Library/Frameworks/Accelerate.framework/Versions/A/Frameworks/vecLib.framework/Versions/A/libvDSP.dylib
0x00007ff80d50c000 	/System/Library/Frameworks/Accelerate.framework/Versions/A/Frameworks/vecLib.framework/Versions/A/libBLAS.dylib
0x00007ff8194c3000 	/System/Library/Frameworks/Accelerate.framework/Versions/A/Frameworks/vecLib.framework/Versions/A/libLAPACK.dylib
0x00007ff81868a000 	/System/Library/Frameworks/Accelerate.framework/Versions/A/Frameworks/vecLib.framework/Versions/A/libLinearAlgebra.dylib
0x00007ff8193ca000 	/System/Library/Frameworks/Accelerate.framework/Versions/A/Frameworks/vecLib.framework/Versions/A/libSparseBLAS.dylib
0x00007ff8194bd000 	/System/Library/Frameworks/Accelerate.framework/Versions/A/Frameworks/vecLib.framework/Versions/A/libQuadrature.dylib
0x00007ff8177c7000 	/System/Library/Frameworks/Accelerate.framework/Versions/A/Frameworks/vecLib.framework/Versions/A/libBNNS.dylib
0x00007ff80d732000 	/System/Library/Frameworks/Accelerate.framework/Versions/A/Frameworks/vecLib.framework/Versions/A/libSparse.dylib
0x00007ffb1b1cd000 	/System/Library/PrivateFrameworks/MIL.framework/Versions/A/MIL
0x00007ff81919a000 	/usr/lib/libiconv.2.dylib
0x00007ff8190ed000 	/usr/lib/libcharset.1.dylib
0x00007ff8150c0000 	/System/Library/Frameworks/OpenDirectory.framework/Versions/A/Frameworks/CFOpenDirectory.framework/Versions/A/CFOpenDirectory
0x00007ff8150b4000 	/System/Library/Frameworks/OpenDirectory.framework/Versions/A/OpenDirectory
0x00007ff81a8c5000 	/System/Library/PrivateFrameworks/APFS.framework/Versions/A/APFS
0x00007ff81853b000 	/System/Library/Frameworks/SecurityFoundation.framework/Versions/A/SecurityFoundation
0x00007ff81a944000 	/usr/lib/libutil.dylib
0x00007ffb1a168000 	/System/Library/PrivateFrameworks/InstalledContentLibrary.framework/Versions/A/InstalledContentLibrary
0x00007ff80fb8f000 	/System/Library/PrivateFrameworks/CoreServicesStore.framework/Versions/A/CoreServicesStore
0x00007ffb1109a000 	/System/Library/PrivateFrameworks/AppleMobileFileIntegrity.framework/Versions/A/AppleMobileFileIntegrity
0x00007ff91164d000 	/usr/lib/libmis.dylib
0x00007ff91ff20000 	/System/Library/PrivateFrameworks/MobileSystemServices.framework/Versions/A/MobileSystemServices
0x00007ffa1bc36000 	/System/Library/PrivateFrameworks/ConfigProfileHelper.framework/Versions/A/ConfigProfileHelper
0x00007ff81938d000 	/System/Library/PrivateFrameworks/AppleSauce.framework/Versions/A/AppleSauce
0x00007ff80e443000 	/System/Library/PrivateFrameworks/LanguageModeling.framework/Versions/A/LanguageModeling
0x00007ff81a948000 	/usr/lib/libxslt.1.dylib
0x00007ff81928c000 	/usr/lib/libcmph.dylib
0x00007ff8182fc000 	/System/Library/PrivateFrameworks/CoreEmoji.framework/Versions/A/CoreEmoji
0x00007ff8177c2000 	/System/Library/PrivateFrameworks/LinguisticData.framework/Versions/A/LinguisticData
0x00007ff80d6e9000 	/System/Library/PrivateFrameworks/Lexicon.framework/Versions/A/Lexicon
0x00007ff8185c9000 	/System/Library/PrivateFrameworks/BackgroundTaskManagement.framework/Versions/A/BackgroundTaskManagement
0x00007ffc110ce000 	/usr/lib/libTLE.dylib
0x00007ffc120a7000 	/usr/lib/swift/libswift_RegexParser.dylib
0x00007ff81b768000 	/System/Library/PrivateFrameworks/AppleJPEG.framework/Versions/A/AppleJPEG
0x00007ff81aeb4000 	/usr/lib/libexpat.1.dylib
0x00007ff81be38000 	/System/Library/Frameworks/ImageIO.framework/Versions/A/Resources/libPng.dylib
0x00007ff81be65000 	/System/Library/Frameworks/ImageIO.framework/Versions/A/Resources/libTIFF.dylib
0x00007ff81bf57000 	/System/Library/Frameworks/ImageIO.framework/Versions/A/Resources/libGIF.dylib
0x00007ff81b7b3000 	/System/Library/Frameworks/ImageIO.framework/Versions/A/Resources/libJP2.dylib
0x00007ff81bef7000 	/System/Library/Frameworks/ImageIO.framework/Versions/A/Resources/libJPEG.dylib
0x00007ff81beee000 	/System/Library/Frameworks/ImageIO.framework/Versions/A/Resources/libRadiance.dylib
0x00007ff816ae3000 	/System/Library/PrivateFrameworks/FontServices.framework/libFontParser.dylib
0x00007ff813166000 	/System/Library/PrivateFrameworks/RunningBoardServices.framework/Versions/A/RunningBoardServices
0x00007ff826d65000 	/System/Library/PrivateFrameworks/IOSurfaceAccelerator.framework/Versions/A/IOSurfaceAccelerator
0x00007ff81b89a000 	/System/Library/PrivateFrameworks/WatchdogClient.framework/Versions/A/WatchdogClient
0x00007ff80e5a9000 	/System/Library/Frameworks/CoreDisplay.framework/Versions/A/CoreDisplay
0x00007ff8169d2000 	/System/Library/Frameworks/CoreMedia.framework/Versions/A/CoreMedia
0x00007ff8167b8000 	/System/Library/PrivateFrameworks/IOAccelerator.framework/Versions/A/IOAccelerator
0x00007ff81523a000 	/System/Library/Frameworks/CoreVideo.framework/Versions/A/CoreVideo
0x00007ff8193dd000 	/System/Library/Frameworks/MetalPerformanceShaders.framework/Versions/A/MetalPerformanceShaders
0x00007ff81b8d9000 	/System/Library/Frameworks/VideoToolbox.framework/Versions/A/VideoToolbox
0x00007ff8130a4000 	/System/Library/PrivateFrameworks/BaseBoard.framework/Versions/A/BaseBoard
0x00007ff81bee7000 	/System/Library/PrivateFrameworks/GPUWrangler.framework/Versions/A/GPUWrangler
0x00007ff81becb000 	/System/Library/PrivateFrameworks/IOPresentment.framework/Versions/A/IOPresentment
0x00007ff81bef1000 	/System/Library/PrivateFrameworks/DSExternalDisplay.framework/Versions/A/DSExternalDisplay
0x00007ffb1663b000 	/System/Library/PrivateFrameworks/GPUCompiler.framework/Versions/31001/Libraries/libllvm-flatbuffers.dylib
0x00007ffa25780000 	/System/Library/Frameworks/OpenGL.framework/Versions/A/Libraries/libCoreFSCache.dylib
0x00007ffb16637000 	/System/Library/PrivateFrameworks/GPUCompiler.framework/Versions/31001/Libraries/libGPUCompilerUtils.dylib
0x00007ff81bf5d000 	/System/Library/PrivateFrameworks/CMCaptureCore.framework/Versions/A/CMCaptureCore
0x00007ffa2a75c000 	/System/Library/Frameworks/ExtensionFoundation.framework/Versions/A/ExtensionFoundation
0x00007ff8229ea000 	/System/Library/PrivateFrameworks/CoreTime.framework/Versions/A/CoreTime
0x00007ff81b46d000 	/System/Library/PrivateFrameworks/AppServerSupport.framework/Versions/A/AppServerSupport
0x00007ff81d7fd000 	/System/Library/PrivateFrameworks/perfdata.framework/Versions/A/perfdata
0x00007ff80e6d5000 	/System/Library/PrivateFrameworks/AudioToolboxCore.framework/Versions/A/AudioToolboxCore
0x00007ff8169ad000 	/System/Library/PrivateFrameworks/caulk.framework/Versions/A/caulk
0x00007ff81d0d8000 	/usr/lib/libAudioStatistics.dylib
0x00007ff910abb000 	/System/Library/PrivateFrameworks/SystemPolicy.framework/Versions/A/SystemPolicy
0x00007ff81d373000 	/usr/lib/libSMC.dylib
0x00007ff826556000 	/System/Library/Frameworks/CoreMIDI.framework/Versions/A/CoreMIDI
0x00007ff81be06000 	/usr/lib/libAudioToolboxUtility.dylib
0x00007ff82bee0000 	/System/Library/PrivateFrameworks/OSAServicesClient.framework/Versions/A/OSAServicesClient
0x00007ff81d80a000 	/usr/lib/libperfcheck.dylib
0x00007ff81ad94000 	/System/Library/PrivateFrameworks/PlugInKit.framework/Versions/A/PlugInKit
0x00007ff81852e000 	/System/Library/PrivateFrameworks/AssertionServices.framework/Versions/A/AssertionServices
0x00007ffa257dd000 	/System/Library/Frameworks/OpenGL.framework/Versions/A/Libraries/libGLU.dylib
0x00007ffa2579f000 	/System/Library/Frameworks/OpenGL.framework/Versions/A/Libraries/libGFXShared.dylib
0x00007ffa2599e000 	/System/Library/Frameworks/OpenGL.framework/Versions/A/Libraries/libGL.dylib
0x00007ffa257a8000 	/System/Library/Frameworks/OpenGL.framework/Versions/A/Libraries/libGLImage.dylib
0x00007ffa2579c000 	/System/Library/Frameworks/OpenGL.framework/Versions/A/Libraries/libCVMSPluginSupport.dylib
0x00007ffc110ad000 	/usr/lib/libRosetta.dylib
0x00007ffa25787000 	/System/Library/Frameworks/OpenGL.framework/Versions/A/Libraries/libCoreVMClient.dylib
0x00007ff817650000 	/System/Library/Frameworks/MetalPerformanceShaders.framework/Versions/A/Frameworks/MPSCore.framework/Versions/A/MPSCore
0x00007ff818c2e000 	/System/Library/Frameworks/MetalPerformanceShaders.framework/Versions/A/Frameworks/MPSImage.framework/Versions/A/MPSImage
0x00007ff8186a0000 	/System/Library/Frameworks/MetalPerformanceShaders.framework/Versions/A/Frameworks/MPSNeuralNetwork.framework/Versions/A/MPSNeuralNetwork
0x00007ff818b11000 	/System/Library/Frameworks/MetalPerformanceShaders.framework/Versions/A/Frameworks/MPSMatrix.framework/Versions/A/MPSMatrix
0x00007ff8188cd000 	/System/Library/Frameworks/MetalPerformanceShaders.framework/Versions/A/Frameworks/MPSRayIntersector.framework/Versions/A/MPSRayIntersector
0x00007ff818b4d000 	/System/Library/Frameworks/MetalPerformanceShaders.framework/Versions/A/Frameworks/MPSNDArray.framework/Versions/A/MPSNDArray
0x00007ffa2bb44000 	/System/Library/Frameworks/MetalPerformanceShaders.framework/Versions/A/Frameworks/MPSFunctions.framework/Versions/A/MPSFunctions
0x00007ff80d3cc000 	/System/Library/PrivateFrameworks/MetalTools.framework/Versions/A/MetalTools
0x00007ff8176da000 	/System/Library/PrivateFrameworks/AggregateDictionary.framework/Versions/A/AggregateDictionary
0x00007ff81ac4a000 	/usr/lib/libIOReport.dylib
0x00007ffb1eac8000 	/System/Library/PrivateFrameworks/PhotosensitivityProcessing.framework/Versions/A/PhotosensitivityProcessing
0x00007ffa26463000 	/System/Library/Frameworks/OpenCL.framework/Versions/A/OpenCL
0x00007ff81affc000 	/System/Library/PrivateFrameworks/GraphVisualizer.framework/Versions/A/GraphVisualizer
0x00007ffb16550000 	/System/Library/PrivateFrameworks/FontServices.framework/Versions/A/FontServices
0x00007ff81b428000 	/System/Library/PrivateFrameworks/OTSVG.framework/Versions/A/OTSVG
0x00007ff814e03000 	/System/Library/Frameworks/ApplicationServices.framework/Versions/A/Frameworks/ATS.framework/Versions/A/Resources/libFontRegistry.dylib
0x00007ff81b477000 	/System/Library/PrivateFrameworks/FontServices.framework/libhvf.dylib
0x00007ffb16551000 	/System/Library/PrivateFrameworks/FontServices.framework/libXTFontStaticRegistryData.dylib
0x00007ff91c51d000 	/usr/lib/swift/libswiftMetal.dylib
0x00007ff914601000 	/usr/lib/swift/libswiftsimd.dylib
0x00007ffb281ae000 	/System/Library/PrivateFrameworks/VideoToolboxParavirtualizationSupport.framework/Versions/A/VideoToolboxParavirtualizationSupport
0x00007ff81ae64000 	/System/Library/PrivateFrameworks/AppleVA.framework/Versions/A/AppleVA
0x00007ff81d118000 	/System/Library/Frameworks/ApplicationServices.framework/Versions/A/Frameworks/ATS.framework/Versions/A/ATS
0x00007ff81251a000 	/System/Library/Frameworks/ApplicationServices.framework/Versions/A/Frameworks/HIServices.framework/Versions/A/HIServices
0x00007ff81bf69000 	/System/Library/Frameworks/ApplicationServices.framework/Versions/A/Frameworks/PrintCore.framework/Versions/A/PrintCore
0x00007ff81d4c9000 	/System/Library/Frameworks/ApplicationServices.framework/Versions/A/Frameworks/QD.framework/Versions/A/QD
0x00007ff81d4c1000 	/System/Library/Frameworks/ApplicationServices.framework/Versions/A/Frameworks/ColorSyncLegacy.framework/Versions/A/ColorSyncLegacy
0x00007ff81d0ec000 	/System/Library/Frameworks/ApplicationServices.framework/Versions/A/Frameworks/SpeechSynthesis.framework/Versions/A/SpeechSynthesis
0x00007ff81bf27000 	/System/Library/Frameworks/ApplicationServices.framework/Versions/A/Frameworks/ATSUI.framework/Versions/A/ATSUI
0x00007ff81d453000 	/usr/lib/libcups.2.dylib
0x00007ff81d819000 	/System/Library/Frameworks/Kerberos.framework/Versions/A/Kerberos
0x00007ff81d828000 	/System/Library/Frameworks/GSS.framework/Versions/A/GSS
0x00007ff81d186000 	/usr/lib/libresolv.9.dylib
0x00007ff81b487000 	/System/Library/PrivateFrameworks/Heimdal.framework/Versions/A/Heimdal
0x00007ff824739000 	/System/Library/Frameworks/Kerberos.framework/Versions/A/Libraries/libHeimdalProxy.dylib
0x00007ff81d873000 	/System/Library/PrivateFrameworks/CommonAuth.framework/Versions/A/CommonAuth
0x00007ffa29a0b000 	/System/Library/Frameworks/AVFAudio.framework/Versions/A/AVFAudio
0x00007ff82bf29000 	/System/Library/PrivateFrameworks/AXCoreUtilities.framework/Versions/A/AXCoreUtilities
0x00007ff81d066000 	/System/Library/PrivateFrameworks/AudioSession.framework/Versions/A/AudioSession
0x00007ff81e66b000 	/System/Library/Frameworks/IOBluetooth.framework/Versions/A/IOBluetooth
0x00007ff81af6a000 	/System/Library/PrivateFrameworks/MediaExperience.framework/Versions/A/MediaExperience
0x00007ff81cf10000 	/System/Library/PrivateFrameworks/AudioSession.framework/libSessionUtility.dylib
0x00007ff81d4d5000 	/System/Library/PrivateFrameworks/AudioResourceArbitration.framework/Versions/A/AudioResourceArbitration
0x00007ff8215fd000 	/System/Library/PrivateFrameworks/PowerLog.framework/Versions/A/PowerLog
0x00007ff82153b000 	/System/Library/Frameworks/CoreBluetooth.framework/Versions/A/CoreBluetooth
0x00007ff82473a000 	/System/Library/Frameworks/AudioUnit.framework/Versions/A/AudioUnit
0x00007ff818398000 	/System/Library/PrivateFrameworks/CoreUtils.framework/Versions/A/CoreUtils
0x00007ffb1501e000 	/System/Library/PrivateFrameworks/CoreUtilsExtras.framework/Versions/A/CoreUtilsExtras
0x00007ffb19ff7000 	/System/Library/PrivateFrameworks/IO80211.framework/Versions/A/IO80211
0x00007ff81aed8000 	/System/Library/PrivateFrameworks/IconFoundation.framework/Versions/A/IconFoundation
0x00007ff8205f3000 	/System/Library/PrivateFrameworks/SpeechRecognitionCore.framework/Versions/A/SpeechRecognitionCore
0x00000001095f9000 	/Applications/IBM SPSS Statistics/SPSS Statistics.app/Contents/JRE/lib/jli/libjli.dylib
0x000000010a71e000 	/Applications/IBM SPSS Statistics/SPSS Statistics.app/Contents/JRE/lib/server/libjvm.dylib
0x00000001096d2000 	/Applications/IBM SPSS Statistics/SPSS Statistics.app/Contents/JRE/lib/libverify.dylib
0x000000010973c000 	/Applications/IBM SPSS Statistics/SPSS Statistics.app/Contents/JRE/lib/libjava.dylib
0x0000000109708000 	/Applications/IBM SPSS Statistics/SPSS Statistics.app/Contents/JRE/lib/libzip.dylib
0x0000000122ad7000 	/Applications/IBM SPSS Statistics/SPSS Statistics.app/Contents/JRE/lib/libnio.dylib
0x0000000122b2d000 	/Applications/IBM SPSS Statistics/SPSS Statistics.app/Contents/JRE/lib/libnet.dylib
0x0000000122bf6000 	/Applications/IBM SPSS Statistics/SPSS Statistics.app/Contents/lib/libspssenvp.dylib
0x0000000122cb7000 	/Applications/IBM SPSS Statistics/SPSS Statistics.app/Contents/lib/libplatdep.dylib
0x0000000122c28000 	/Applications/IBM SPSS Statistics/SPSS Statistics.app/Contents/lib/libsockbsd.dylib
0x0000000122e3f000 	/Applications/IBM SPSS Statistics/SPSS Statistics.app/Contents/lib/libsfthread.dylib
0x0000000122e99000 	/Applications/IBM SPSS Statistics/SPSS Statistics.app/Contents/lib/libvserial.dylib
0x0000000122c5e000 	/Applications/IBM SPSS Statistics/SPSS Statistics.app/Contents/lib/libvutility.dylib
0x0000000123091000 	/Applications/IBM SPSS Statistics/SPSS Statistics.app/Contents/lib/libicuuc.61.2.dylib
0x00000001235fe000 	/Applications/IBM SPSS Statistics/SPSS Statistics.app/Contents/lib/libicui18n.61.2.dylib
0x0000000123b4f000 	/Applications/IBM SPSS Statistics/SPSS Statistics.app/Contents/lib/libifcoremt.dylib
0x0000000124312000 	/Applications/IBM SPSS Statistics/SPSS Statistics.app/Contents/lib/libimf.dylib
0x0000000125f7e000 	/Applications/IBM SPSS Statistics/SPSS Statistics.app/Contents/lib/libsvml.dylib
0x0000000122f87000 	/Applications/IBM SPSS Statistics/SPSS Statistics.app/Contents/lib/libintlc.dylib
0x0000000124af2000 	/Applications/IBM SPSS Statistics/SPSS Statistics.app/Contents/lib/libxerces-c-3.2.dylib
0x00000001292b2000 	/Applications/IBM SPSS Statistics/SPSS Statistics.app/Contents/lib/libicudata.61.2.dylib
0x0000000122c81000 	/Applications/IBM SPSS Statistics/SPSS Statistics.app/Contents/JRE/lib/libmanagement.dylib
0x00000001255da000 	/Applications/IBM SPSS Statistics/SPSS Statistics.app/Contents/JRE/lib/libosx.dylib
0x000000012562d000 	/Applications/IBM SPSS Statistics/SPSS Statistics.app/Contents/JRE/lib/libosxapp.dylib
0x00007ff9104c8000 	/System/Library/Frameworks/Carbon.framework/Versions/A/Carbon
0x00007ff8282af000 	/System/Library/Frameworks/Carbon.framework/Versions/A/Frameworks/CommonPanels.framework/Versions/A/CommonPanels
0x00007ff82409a000 	/System/Library/Frameworks/Carbon.framework/Versions/A/Frameworks/Help.framework/Versions/A/Help
0x00007ff8282b3000 	/System/Library/Frameworks/Carbon.framework/Versions/A/Frameworks/ImageCapture.framework/Versions/A/ImageCapture
0x00007ff82828b000 	/System/Library/Frameworks/Carbon.framework/Versions/A/Frameworks/OpenScripting.framework/Versions/A/OpenScripting
0x00007ff8282ab000 	/System/Library/Frameworks/Carbon.framework/Versions/A/Frameworks/Ink.framework/Versions/A/Ink
0x00007ff9104c4000 	/System/Library/Frameworks/Carbon.framework/Versions/A/Frameworks/Print.framework/Versions/A/Print
0x00007ff8282a7000 	/System/Library/Frameworks/Carbon.framework/Versions/A/Frameworks/SecurityHI.framework/Versions/A/SecurityHI
0x00007ff90f76d000 	/System/Library/Frameworks/ExceptionHandling.framework/Versions/A/ExceptionHandling
0x00007ffa2ad22000 	/System/Library/Frameworks/JavaNativeFoundation.framework/Versions/A/JavaNativeFoundation
0x00007ffa2ad2e000 	/System/Library/Frameworks/JavaRuntimeSupport.framework/Versions/A/JavaRuntimeSupport
0x00007ff822906000 	/System/Library/PrivateFrameworks/CoreSymbolication.framework/Versions/A/CoreSymbolication
0x00007ff8228c7000 	/System/Library/PrivateFrameworks/DebugSymbols.framework/Versions/A/DebugSymbols
0x00000001256fc000 	/Applications/IBM SPSS Statistics/SPSS Statistics.app/Contents/JRE/lib/libawt.dylib
0x000000012592c000 	/Applications/IBM SPSS Statistics/SPSS Statistics.app/Contents/JRE/lib/libmlib_image.dylib
0x0000000125bc2000 	/Applications/IBM SPSS Statistics/SPSS Statistics.app/Contents/JRE/lib/libawt_lwawt.dylib
0x00007ff821beb000 	/System/Library/Frameworks/FileProvider.framework/Versions/A/FileProvider
0x00007ff81300f000 	/System/Library/Frameworks/Accounts.framework/Versions/A/Accounts
0x00007ff8152c9000 	/System/Library/PrivateFrameworks/UserManagement.framework/Versions/A/UserManagement
0x00007ff821d85000 	/System/Library/PrivateFrameworks/GenerationalStorage.framework/Versions/A/GenerationalStorage
0x00007ff8215f2000 	/System/Library/PrivateFrameworks/SymptomDiagnosticReporter.framework/Versions/A/SymptomDiagnosticReporter
0x00007ff810ed8000 	/System/Library/PrivateFrameworks/DesktopServicesPriv.framework/Versions/A/DesktopServicesPriv
0x00007ff80fc9a000 	/usr/lib/libsandbox.1.dylib
0x00007ff81d4b6000 	/System/Library/PrivateFrameworks/NetAuth.framework/Versions/A/NetAuth
0x00007ff81e4ea000 	/System/Library/PrivateFrameworks/Sharing.framework/Versions/A/Sharing
0x00007ff81528f000 	/System/Library/PrivateFrameworks/login.framework/Versions/A/Frameworks/loginsupport.framework/Versions/A/loginsupport
0x00007ff823c08000 	/System/Library/PrivateFrameworks/Apple80211.framework/Versions/A/Apple80211
0x00007ff818dd5000 	/System/Library/PrivateFrameworks/AuthKit.framework/Versions/A/AuthKit
0x00007ff81831d000 	/System/Library/Frameworks/CoreWLAN.framework/Versions/A/CoreWLAN
0x00007ff823c0c000 	/System/Library/PrivateFrameworks/CoreWiFi.framework/Versions/A/CoreWiFi
0x00007ffa15845000 	/System/Library/PrivateFrameworks/WiFiPeerToPeer.framework/Versions/A/WiFiPeerToPeer
0x00007ff82246e000 	/System/Library/PrivateFrameworks/FrontBoardServices.framework/Versions/A/FrontBoardServices
0x00007ff822507000 	/System/Library/PrivateFrameworks/BoardServices.framework/Versions/A/BoardServices
0x00007ff823da8000 	/System/Library/PrivateFrameworks/BackBoardServices.framework/Versions/A/BackBoardServices
0x00007ff818f4e000 	/System/Library/Frameworks/UserNotifications.framework/Versions/A/UserNotifications
0x00007ff81d96c000 	/System/Library/PrivateFrameworks/CorePhoneNumbers.framework/Versions/A/CorePhoneNumbers
0x00007ff81d1b3000 	/System/Library/PrivateFrameworks/MultiverseSupport.framework/Versions/A/MultiverseSupport
0x00007ff824023000 	/System/Library/PrivateFrameworks/RemoteServiceDiscovery.framework/Versions/A/RemoteServiceDiscovery
0x00007ff82170c000 	/System/Library/PrivateFrameworks/DiskManagement.framework/Versions/A/DiskManagement
0x00007ff821624000 	/System/Library/PrivateFrameworks/AppleIDAuthSupport.framework/Versions/A/AppleIDAuthSupport
0x00007ffb0f66a000 	/System/Library/PrivateFrameworks/AAAFoundation.framework/Versions/A/AAAFoundation
0x00007ff81d945000 	/System/Library/PrivateFrameworks/KeychainCircle.framework/Versions/A/KeychainCircle
0x00007ff824037000 	/System/Library/PrivateFrameworks/RemoteXPC.framework/Versions/A/RemoteXPC
0x00007ff8216d8000 	/System/Library/PrivateFrameworks/MediaKit.framework/Versions/A/MediaKit
0x00007ff821630000 	/System/Library/Frameworks/DiscRecording.framework/Versions/A/DiscRecording
0x00007ff81add8000 	/usr/lib/libCoreStorage.dylib
0x00007ff8240a2000 	/usr/lib/libcsfde.dylib
0x00007ff81e740000 	/System/Library/PrivateFrameworks/ProtectedCloudStorage.framework/Versions/A/ProtectedCloudStorage
0x00007ff82409e000 	/System/Library/PrivateFrameworks/EFILogin.framework/Versions/A/EFILogin
0x00007ff821dab000 	/System/Library/PrivateFrameworks/OctagonTrust.framework/Versions/A/OctagonTrust
0x00007ff81add0000 	/usr/lib/libMatch.1.dylib
0x00007ff9194ed000 	/System/Library/CoreServices/RawCamera.bundle/Contents/MacOS/RawCamera
0x00007ff81d883000 	/System/Library/PrivateFrameworks/MobileAsset.framework/Versions/A/MobileAsset
0x00007ff916db6000 	/System/Library/PrivateFrameworks/SoftwareUpdateCoreSupport.framework/Versions/A/SoftwareUpdateCoreSupport
0x00007ff91d220000 	/System/Library/PrivateFrameworks/SoftwareUpdateCoreConnect.framework/Versions/A/SoftwareUpdateCoreConnect
0x00007ff82475e000 	/System/Library/PrivateFrameworks/StreamingZip.framework/Versions/A/StreamingZip
0x00007ff916a78000 	/System/Library/PrivateFrameworks/MSUDataAccessor.framework/Versions/A/MSUDataAccessor
0x00007ff912f13000 	/usr/lib/libbootpolicy.dylib
0x00007ff923c44000 	/usr/lib/libpartition2_dynamic.dylib
0x00007ffb11ba4000 	/System/Library/PrivateFrameworks/CMPhoto.framework/Versions/A/CMPhoto
0x00007ff82279a000 	/System/Library/PrivateFrameworks/AppleVPA.framework/Versions/A/AppleVPA
0x00007ff81c199000 	/System/Library/Frameworks/MediaToolbox.framework/Versions/A/MediaToolbox
0x00007ff821bbb000 	/System/Library/PrivateFrameworks/CoreAVCHD.framework/Versions/A/CoreAVCHD
0x00007ff820cf9000 	/System/Library/Frameworks/MediaAccessibility.framework/Versions/A/MediaAccessibility
0x00007ff821bb7000 	/System/Library/PrivateFrameworks/Mangrove.framework/Versions/A/Mangrove
0x00007ff8217fc000 	/System/Library/PrivateFrameworks/CoreAUC.framework/Versions/A/CoreAUC
0x00007ff916468000 	/System/Library/Frameworks/Accelerate.framework/Versions/A/Frameworks/vImage.framework/Versions/A/Libraries/libCGInterfaces.dylib
0x0000000125b8d000 	/usr/lib/libobjc-trampolines.dylib
0x00007ffc10e5e000 	/usr/lib/libAccessibilityBaseImplementations.dylib
0x00007ff814fa8000 	/System/Library/PrivateFrameworks/ViewBridge.framework/Versions/A/ViewBridge
0x0000000127c1c000 	/Applications/IBM SPSS Statistics/SPSS Statistics.app/Contents/JRE/lib/libfontmanager.dylib
0x0000000127dc3000 	/Applications/IBM SPSS Statistics/SPSS Statistics.app/Contents/JRE/lib/libfreetype.6.dylib
0x0000000127bbe000 	/Applications/IBM SPSS Statistics/SPSS Statistics.app/Contents/JRE/lib/libosxui.dylib
0x00007ffa259a9000 	/System/Library/Frameworks/OpenGL.framework/Versions/A/Resources/GLEngine.bundle/GLEngine
0x00007ffa2581a000 	/System/Library/Frameworks/OpenGL.framework/Versions/A/Libraries/libGLProgrammability.dylib
0x000000012cec3000 	/System/Library/Extensions/AppleMetalOpenGLRenderer.bundle/Contents/MacOS/AppleMetalOpenGLRenderer
0x00007ffa25b2b000 	/System/Library/Frameworks/OpenGL.framework/Versions/A/Resources/GLRendererFloat.bundle/GLRendererFloat
0x00007ffa27319000 	/System/Library/Extensions/AGXMetalG14G.bundle/Contents/MacOS/AGXMetalG14G
0x00007ff91165f000 	/System/Library/PrivateFrameworks/GPURawCounter.framework/Versions/A/GPURawCounter
0x00007ff82aefb000 	/System/Library/PrivateFrameworks/IOGPU.framework/Versions/A/IOGPU
0x00007ff81b53f000 	/System/Library/PrivateFrameworks/login.framework/Versions/A/login
0x00000001a7839000 	/Applications/IBM SPSS Statistics/SPSS Statistics.app/Contents/lib/libspssstat.dylib
0x00000001a7214000 	/Applications/IBM SPSS Statistics/SPSS Statistics.app/Contents/lib/libspssjni.dylib
0x00000001a7271000 	/Applications/IBM SPSS Statistics/SPSS Statistics.app/Contents/lib/libspssjvm.dylib
0x00000001a7310000 	/Applications/IBM SPSS Statistics/SPSS Statistics.app/Contents/lib/libtempdir.dylib
0x00000001a74ad000 	/Applications/IBM SPSS Statistics/SPSS Statistics.app/Contents/lib/libgsk8iccs.dylib
0x000000012cbaf000 	/Applications/IBM SPSS Statistics/SPSS Statistics.app/Contents/lib/libjniviewer.dylib
0x00000001a8bf7000 	/Applications/IBM SPSS Statistics/SPSS Statistics.app/Contents/lib/libomfactry.dylib
0x00000001a8a5d000 	/Applications/IBM SPSS Statistics/SPSS Statistics.app/Contents/lib/libomcell.dylib
0x00000001a8fea000 	/Applications/IBM SPSS Statistics/SPSS Statistics.app/Contents/lib/libomtree.dylib
0x00000001a91a4000 	/Applications/IBM SPSS Statistics/SPSS Statistics.app/Contents/lib/libomxhtml.dylib
0x000000012cb1b000 	/Applications/IBM SPSS Statistics/SPSS Statistics.app/Contents/lib/libspsswmsg.dylib
0x00000001a77a1000 	/Applications/IBM SPSS Statistics/SPSS Statistics.app/Contents/lib/libstrtable.dylib
0x00000001a9666000 	/Applications/IBM SPSS Statistics/SPSS Statistics.app/Contents/lib/libspsswlib.dylib
0x00000001a9268000 	/Applications/IBM SPSS Statistics/SPSS Statistics.app/Contents/lib/libspssiocv.dylib
0x00000001a932c000 	/Applications/IBM SPSS Statistics/SPSS Statistics.app/Contents/lib/libcpputil.dylib
0x00000001ac024000 	/Applications/IBM SPSS Statistics/SPSS Statistics.app/Contents/lib/libdatasrc.dylib
0x000000012cab4000 	/Applications/IBM SPSS Statistics/SPSS Statistics.app/Contents/lib/libsvrerrs.dylib
0x00000001a9440000 	/Applications/IBM SPSS Statistics/SPSS Statistics.app/Contents/lib/libspsspool.dylib
0x00000001ac6c7000 	/Applications/IBM SPSS Statistics/SPSS Statistics.app/Contents/lib/libmccomsps.dylib
0x00000001ac465000 	/Applications/IBM SPSS Statistics/SPSS Statistics.app/Contents/lib/libsvrdmgr.dylib
0x000000012cadd000 	/Applications/IBM SPSS Statistics/SPSS Statistics.app/Contents/lib/libmcbstsps.dylib
0x00000001a8b42000 	/Applications/IBM SPSS Statistics/SPSS Statistics.app/Contents/lib/libzlib1211spss1.dylib
0x00000001a95b3000 	/Applications/IBM SPSS Statistics/SPSS Statistics.app/Contents/lib/libdatastr.dylib
0x000000012ce7d000 	/Applications/IBM SPSS Statistics/SPSS Statistics.app/Contents/lib/libstacrypt.dylib
0x000000012ca72000 	/Applications/IBM SPSS Statistics/SPSS Statistics.app/Contents/lib/libspssmsgs.dylib
0x000000012ca95000 	/Applications/IBM SPSS Statistics/SPSS Statistics.app/Contents/lib/libcpuinfo.dylib
0x00000001acc9d000 	/Applications/IBM SPSS Statistics/SPSS Statistics.app/Contents/lib/libspssdemg.dylib
0x000000012cea9000 	/Applications/IBM SPSS Statistics/SPSS Statistics.app/Contents/lib/libreadonly.dylib
0x00000001a8bb4000 	/Applications/IBM SPSS Statistics/SPSS Statistics.app/Contents/lib/libcmddata.dylib
0x00000001ace14000 	/Applications/IBM SPSS Statistics/SPSS Statistics.app/Contents/lib/libcvtrans.dylib
0x00000001a8bd5000 	/Applications/IBM SPSS Statistics/SPSS Statistics.app/Contents/lib/libtmsutil.dylib
0x00000001ad650000 	/Applications/IBM SPSS Statistics/SPSS Statistics.app/Contents/lib/libvizchart.dylib
0x00000001ae73d000 	/Applications/IBM SPSS Statistics/SPSS Statistics.app/Contents/lib/libxalan-c.111_1.0.dylib
0x00000001a9614000 	/Applications/IBM SPSS Statistics/SPSS Statistics.app/Contents/lib/libxalanMsg.111_1.0.dylib
0x00000001ac533000 	/Applications/IBM SPSS Statistics/SPSS Statistics.app/Contents/lib/libindutil.dylib
0x00000001acf62000 	/Applications/IBM SPSS Statistics/SPSS Statistics.app/Contents/common/ext/bin/spss.common/libscorelib931r.dylib
0x00000001ac5e8000 	/Applications/IBM SPSS Statistics/SPSS Statistics.app/Contents/common/ext/bin/spss.common/libGeneralRegressionModel931r.dylib
0x00000001ac585000 	/Applications/IBM SPSS Statistics/SPSS Statistics.app/Contents/common/ext/bin/spss.common/libdiscriminant-model931r.dylib
0x00000001ad193000 	/Applications/IBM SPSS Statistics/SPSS Statistics.app/Contents/lib/libdedstore.dylib
0x00000001ad2bf000 	/Applications/IBM SPSS Statistics/SPSS Statistics.app/Contents/lib/libvizedit.dylib
0x00000001aee18000 	/Applications/IBM SPSS Statistics/SPSS Statistics.app/Contents/lib/libchartutl.dylib
0x00000001ad391000 	/Applications/IBM SPSS Statistics/SPSS Statistics.app/Contents/lib/libfmsgs.dylib
0x00000001ad42f000 	/Applications/IBM SPSS Statistics/SPSS Statistics.app/Contents/lib/libnetcom.dylib
0x00000001a963d000 	/Applications/IBM SPSS Statistics/SPSS Statistics.app/Contents/lib/libfwutility.dylib
0x00000001b08cf000 	/Applications/IBM SPSS Statistics/SPSS Statistics.app/Contents/JRE/lib/libsunec.dylib
0x00007ff92b2c0000 	/System/Library/PrivateFrameworks/Shortcut.framework/Versions/A/Shortcut
0x00007ff92b290000 	/System/Library/PrivateFrameworks/HelpData.framework/Versions/A/HelpData
0x00007ff90f1e8000 	/usr/lib/libFosl_dynamic.dylib
0x00007ff91582e000 	/usr/lib/libncurses.5.4.dylib
0x00007ff820d2d000 	/System/Library/PrivateFrameworks/SystemAdministration.framework/Versions/A/SystemAdministration
0x00007ff8205bf000 	/System/Library/Frameworks/DirectoryService.framework/Versions/A/DirectoryService
0x00007ff823f3b000 	/System/Library/PrivateFrameworks/DiskImages.framework/Versions/A/DiskImages
0x00007ff8185ec000 	/System/Library/Frameworks/ServiceManagement.framework/Versions/A/ServiceManagement
0x00007ff824126000 	/System/Library/PrivateFrameworks/LoginUIKit.framework/Versions/A/Frameworks/LoginUICore.framework/Versions/A/LoginUICore
0x00007ff81b6f7000 	/usr/lib/libodfde.dylib
0x00007ff8240ae000 	/usr/lib/libcurl.4.dylib
0x00007ffc11562000 	/usr/lib/libcrypto.46.dylib
0x00007ffc11c56000 	/usr/lib/libssl.48.dylib
0x00007ff823dc9000 	/System/Library/Frameworks/LDAP.framework/Versions/A/LDAP
0x00007ff823e05000 	/System/Library/PrivateFrameworks/TrustEvaluationAgent.framework/Versions/A/TrustEvaluationAgent
0x00007ff81d19f000 	/usr/lib/libsasl2.2.dylib
0x00007ffa1ba76000 	/System/Library/PrivateFrameworks/VoiceShortcutClient.framework/Versions/A/VoiceShortcutClient
0x00007ffb1b00d000 	/System/Library/PrivateFrameworks/LinkServices.framework/Versions/A/LinkServices
0x00007ff9158e0000 	/System/Library/PrivateFrameworks/IntentsCore.framework/Versions/A/IntentsCore
0x00007ff82412e000 	/System/Library/PrivateFrameworks/AppSupport.framework/Versions/A/AppSupport
0x00007ff8247d3000 	/System/Library/PrivateFrameworks/IntentsFoundation.framework/Versions/A/IntentsFoundation
0x00007ff818f93000 	/System/Library/Frameworks/CoreSpotlight.framework/Versions/A/CoreSpotlight
0x00007ff823576000 	/System/Library/PrivateFrameworks/CoreDuetContext.framework/Versions/A/CoreDuetContext
0x00007ff8110cc000 	/System/Library/PrivateFrameworks/CoreDuet.framework/Versions/A/CoreDuet
0x00007ff8235c9000 	/System/Library/Frameworks/Intents.framework/Versions/A/Intents
0x00007ffb1af39000 	/System/Library/PrivateFrameworks/LinkMetadata.framework/Versions/A/LinkMetadata
0x00007ff916484000 	/usr/lib/swift/libswiftCoreLocation.dylib
0x00007ffc11ea0000 	/usr/lib/swift/libswiftExtensionFoundation.dylib
0x00007ffc11ed4000 	/usr/lib/swift/libswiftFileProvider.dylib
0x00007ff911672000 	/usr/lib/swift/libswiftIntents.dylib
0x00007ffa11407000 	/usr/lib/swift/libswiftNetwork.dylib
0x00007ffc11f78000 	/usr/lib/swift/libswiftPrivate_BiomePubSub.dylib
0x00007ff91fad7000 	/usr/lib/swift/libswiftQuartzCore.dylib
0x00007ff923a78000 	/usr/lib/swift/libswiftUniformTypeIdentifiers.dylib
0x00007ff8166b1000 	/System/Library/Frameworks/CoreLocation.framework/Versions/A/CoreLocation
0x00007ff91cea2000 	/System/Library/PrivateFrameworks/BiomeStreams.framework/Versions/A/BiomeStreams
0x00007ffb1abb4000 	/System/Library/PrivateFrameworks/Koa.framework/Versions/A/Koa
0x00007ff9215bf000 	/System/Library/PrivateFrameworks/BiomeStorage.framework/Versions/A/BiomeStorage
0x00007ff928280000 	/usr/lib/swift/libswiftOSLog.dylib
0x00007ff81e995000 	/System/Library/PrivateFrameworks/GeoServices.framework/Versions/A/GeoServices
0x00007ff81cedd000 	/System/Library/PrivateFrameworks/LocationSupport.framework/Versions/A/LocationSupport
0x00007ffb170ff000 	/System/Library/PrivateFrameworks/GeoServicesCore.framework/Versions/A/GeoServicesCore
0x00007ff82bf20000 	/System/Library/PrivateFrameworks/PhoneNumbers.framework/Versions/A/PhoneNumbers
0x00007ff81ac53000 	/System/Library/PrivateFrameworks/CrashReporterSupport.framework/Versions/A/CrashReporterSupport
0x00007ff91f128000 	/System/Library/PrivateFrameworks/OSAnalytics.framework/Versions/A/OSAnalytics
0x00007ff92b2e0000 	/System/Library/PrivateFrameworks/Symbolication.framework/Versions/A/Symbolication
0x00007ff91161e000 	/System/Library/PrivateFrameworks/MallocStackLogging.framework/Versions/A/MallocStackLogging
0x00007ffb11575000 	/System/Library/PrivateFrameworks/BiomeFlexibleStorage.framework/Versions/A/BiomeFlexibleStorage
0x00007ff91a2e0000 	/System/Library/PrivateFrameworks/BiomeFoundation.framework/Versions/A/BiomeFoundation
0x00007ffb1155c000 	/System/Library/PrivateFrameworks/BiomeDSL.framework/Versions/A/BiomeDSL
0x00007ff92157e000 	/System/Library/PrivateFrameworks/BiomePubSub.framework/Versions/A/BiomePubSub
0x00007ff8255c5000 	/System/Library/PrivateFrameworks/ProactiveSupport.framework/Versions/A/ProactiveSupport
0x00007ff824379000 	/System/Library/PrivateFrameworks/InternationalTextSearch.framework/Versions/A/InternationalTextSearch
0x00007ff826256000 	/System/Library/PrivateFrameworks/RTCReporting.framework/Versions/A/RTCReporting
0x00007ffc11b6c000 	/usr/lib/libskit.dylib
0x00007ff9155bd000 	/usr/lib/libmorphun.dylib
0x00007ffb1c380000 	/System/Library/PrivateFrameworks/MorphunAssets.framework/Versions/A/MorphunAssets
0x00007ff9152c9000 	/System/Library/PrivateFrameworks/PeopleSuggester.framework/Versions/A/PeopleSuggester
0x00007ffc116fc000 	/usr/lib/libmarisa.dylib
0x00007ff822a88000 	/System/Library/PrivateFrameworks/EmbeddedAcousticRecognition.framework/Versions/A/EmbeddedAcousticRecognition
0x00007ff815699000 	/System/Library/Frameworks/CoreML.framework/Versions/A/CoreML
0x00007ff82486d000 	/System/Library/PrivateFrameworks/Espresso.framework/Versions/A/Espresso
0x00007ff9108bf000 	/System/Library/Frameworks/AVFoundation.framework/Versions/A/AVFoundation
0x00007ff91134a000 	/System/Library/Frameworks/NaturalLanguage.framework/Versions/A/NaturalLanguage
0x00007ff9187af000 	/System/Library/PrivateFrameworks/EmojiFoundation.framework/Versions/A/EmojiFoundation
0x00007ff91f5c3000 	/System/Library/PrivateFrameworks/SDAPI.framework/Versions/A/SDAPI
0x00007ff818929000 	/System/Library/Frameworks/MLCompute.framework/Versions/A/MLCompute
0x00007ff8152f2000 	/System/Library/Frameworks/CloudKit.framework/Versions/A/CloudKit
0x00007ffb1b478000 	/System/Library/PrivateFrameworks/MLAssetIO.framework/Versions/A/MLAssetIO
0x00007ffb0c8b8000 	/System/Library/Frameworks/MetalPerformanceShadersGraph.framework/Versions/A/MetalPerformanceShadersGraph
0x00007ffa1c204000 	/System/Library/PrivateFrameworks/ANECompiler.framework/Versions/A/ANECompiler
0x00007ff826462000 	/System/Library/PrivateFrameworks/AppleNeuralEngine.framework/Versions/A/AppleNeuralEngine
0x00007ff8255a5000 	/System/Library/PrivateFrameworks/ANEServices.framework/Versions/A/ANEServices
0x00007ffb0e9ad000 	/System/Library/Frameworks/SharedWithYouCore.framework/Versions/A/SharedWithYouCore
0x00007ffc10f76000 	/usr/lib/libBASupport.dylib
0x00007ff824439000 	/System/Library/PrivateFrameworks/AppleAccount.framework/Versions/A/AppleAccount
0x00007ff815292000 	/System/Library/PrivateFrameworks/ApplePushService.framework/Versions/A/ApplePushService
0x00007ff8247eb000 	/System/Library/PrivateFrameworks/C2.framework/Versions/A/C2
0x00007ffb11efe000 	/System/Library/PrivateFrameworks/CloudKitDistributedSync.framework/Versions/A/CloudKitDistributedSync
0x00007ff8247e3000 	/System/Library/Frameworks/PushKit.framework/Versions/A/PushKit
0x00007ffa2a4cd000 	/System/Library/Frameworks/CoreTransferable.framework/Versions/A/CoreTransferable
0x00007ffa1160c000 	/System/Library/Frameworks/CryptoKit.framework/Versions/A/CryptoKit
0x00007ffa157c8000 	/System/Library/PrivateFrameworks/FeatureFlags.framework/Versions/A/FeatureFlags
0x00007ff928530000 	/usr/lib/swift/libswiftAVFoundation.dylib
0x00007ff911663000 	/usr/lib/swift/libswiftCoreAudio.dylib
0x00007ff916487000 	/usr/lib/swift/libswiftCoreMIDI.dylib
0x00007ff926f24000 	/usr/lib/swift/libswiftCoreMedia.dylib
0x00007ff81e117000 	/System/Library/PrivateFrameworks/IDS.framework/Versions/A/IDS
0x00007ff8245a4000 	/System/Library/PrivateFrameworks/AppleIDSSOAuthentication.framework/Versions/A/AppleIDSSOAuthentication
0x00007ff81ce69000 	/System/Library/PrivateFrameworks/IMFoundation.framework/Versions/A/IMFoundation
0x00007ff82b67b000 	/System/Library/PrivateFrameworks/Marco.framework/Versions/A/Marco
0x00007ff81e2a6000 	/System/Library/PrivateFrameworks/IDSFoundation.framework/Versions/A/IDSFoundation
0x00007ff81308c000 	/System/Library/PrivateFrameworks/CommonUtilities.framework/Versions/A/CommonUtilities
0x00007ff91123e000 	/System/Library/PrivateFrameworks/FTServices.framework/Versions/A/FTServices
0x00007ff828274000 	/System/Library/PrivateFrameworks/Engram.framework/Versions/A/Engram
0x00007ff828217000 	/usr/lib/libtidy.A.dylib
0x00007ff81b6fb000 	/System/Library/PrivateFrameworks/Bom.framework/Versions/A/Bom
0x00007ff81d1c3000 	/usr/lib/libParallelCompression.dylib
0x00007ff91cac9000 	/System/Library/PrivateFrameworks/FTAWD.framework/Versions/A/FTAWD
0x00007ff822267000 	/System/Library/PrivateFrameworks/AVFCore.framework/Versions/A/AVFCore
0x00007ff829c83000 	/System/Library/PrivateFrameworks/AVFCapture.framework/Versions/A/AVFCapture
0x00007ff90f3b8000 	/System/Library/PrivateFrameworks/AirPlaySync.framework/Versions/A/AirPlaySync
0x00007ffb11b76000 	/System/Library/PrivateFrameworks/CMImaging.framework/Versions/A/CMImaging
0x00007ff829e03000 	/System/Library/PrivateFrameworks/Quagga.framework/Versions/A/Quagga
0x00007ff829ef1000 	/System/Library/PrivateFrameworks/CMCapture.framework/Versions/A/CMCapture
0x00007ff81d282000 	/System/Library/Frameworks/CoreMediaIO.framework/Versions/A/CoreMediaIO
0x00007ff9115ac000 	/System/Library/PrivateFrameworks/LoggingSupport.framework/Versions/A/LoggingSupport
0x00007ff824734000 	/System/Library/PrivateFrameworks/CryptoKitCBridging.framework/Versions/A/CryptoKitCBridging
0x00007ff8225ae000 	/System/Library/Frameworks/CryptoTokenKit.framework/Versions/A/CryptoTokenKit
0x00007ff926f22000 	/usr/lib/swift/libswiftCryptoTokenKit.dylib
0x00007ff82260a000 	/System/Library/Frameworks/LocalAuthentication.framework/Versions/A/LocalAuthentication
0x00007ff82264f000 	/System/Library/Frameworks/LocalAuthentication.framework/Support/SharedUtils.framework/Versions/A/SharedUtils
0x00007ff90f6f4000 	/usr/lib/swift/libswiftCoreGraphics.dylib
0x00007ffb1c08d000 	/System/Library/PrivateFrameworks/MilAneflow.framework/Versions/A/MilAneflow
0x00007ff812662000 	/System/Library/PrivateFrameworks/Montreal.framework/Versions/A/Montreal
0x00007ff919444000 	/System/Library/PrivateFrameworks/DifferentialPrivacy.framework/Versions/A/DifferentialPrivacy
0x00007ffa0f732000 	/System/Library/PrivateFrameworks/InternalSwiftProtobuf.framework/Versions/A/InternalSwiftProtobuf
0x00007ff911e93000 	/System/Library/PrivateFrameworks/Trial.framework/Versions/A/Trial
0x00007ff8272dc000 	/System/Library/PrivateFrameworks/AssistantServices.framework/Versions/A/AssistantServices
0x00007ff911e17000 	/System/Library/PrivateFrameworks/TrialProto.framework/Versions/A/TrialProto
0x00007ff82b9c2000 	/System/Library/PrivateFrameworks/ProactiveEventTracker.framework/Versions/A/ProactiveEventTracker
0x00007ff82280a000 	/System/Library/PrivateFrameworks/SAObjects.framework/Versions/A/SAObjects
0x00007ff826d9d000 	/System/Library/PrivateFrameworks/MediaRemote.framework/Versions/A/MediaRemote
0x00007ff915d13000 	/System/Library/PrivateFrameworks/SiriInstrumentation.framework/Versions/A/SiriInstrumentation
0x00007ffb201eb000 	/System/Library/PrivateFrameworks/SiriAnalytics.framework/Versions/A/SiriAnalytics
0x00007ffb2341c000 	/System/Library/PrivateFrameworks/SiriTTSService.framework/Versions/A/SiriTTSService
0x00007ffb20762000 	/System/Library/PrivateFrameworks/SiriCrossDeviceArbitrationFeedback.framework/Versions/A/SiriCrossDeviceArbitrationFeedback
0x00007ff8229f4000 	/System/Library/PrivateFrameworks/Rapport.framework/Versions/A/Rapport
0x00007ff82b54c000 	/System/Library/PrivateFrameworks/MediaServices.framework/Versions/A/MediaServices
0x00007ff81afd3000 	/System/Library/PrivateFrameworks/PersistentConnection.framework/Versions/A/PersistentConnection
0x00007ff913f47000 	/System/Library/PrivateFrameworks/FeedbackLogger.framework/Versions/A/FeedbackLogger
0x00007ff9170a9000 	/usr/lib/libtailspin.dylib
0x00007ffb27492000 	/System/Library/PrivateFrameworks/UnifiedAssetFramework.framework/Versions/A/UnifiedAssetFramework
0x00007ff926998000 	/System/Library/PrivateFrameworks/Osprey.framework/Versions/A/Osprey
0x00007ffb22ac5000 	/System/Library/PrivateFrameworks/SiriTTS.framework/Versions/A/SiriTTS
0x00007ffb22030000 	/System/Library/PrivateFrameworks/SiriPowerInstrumentation.framework/Versions/A/SiriPowerInstrumentation
0x00007ff923a87000 	/usr/lib/swift/libswiftAccelerate.dylib
0x00007ffb24bdc000 	/System/Library/PrivateFrameworks/TailspinSymbolication.framework/Versions/A/TailspinSymbolication
0x00007ffb1510c000 	/System/Library/PrivateFrameworks/Darwinup.framework/Versions/A/Darwinup
0x00007ff92059b000 	/System/Library/PrivateFrameworks/SignpostSupport.framework/Versions/A/SignpostSupport
0x00007ff911224000 	/System/Library/PrivateFrameworks/FeatureFlagsSupport.framework/Versions/A/FeatureFlagsSupport
0x00007ff91fe47000 	/System/Library/PrivateFrameworks/ktrace.framework/Versions/A/ktrace
0x00007ff92081b000 	/System/Library/PrivateFrameworks/SampleAnalysis.framework/Versions/A/SampleAnalysis
0x00007ff927f14000 	/System/Library/PrivateFrameworks/kperfdata.framework/Versions/A/kperfdata
0x00007ff81e893000 	/usr/lib/libdscsym.dylib
0x00007ff91fe42000 	/System/Library/PrivateFrameworks/kperf.framework/Versions/A/kperf
0x00007ffa0f51e000 	/System/Library/Frameworks/OSLog.framework/Versions/A/OSLog
0x00007ff928270000 	/System/Library/PrivateFrameworks/BulkSymbolication.framework/Versions/A/BulkSymbolication
0x00007ffa13fd8000 	/usr/lib/libedit.3.dylib
0x00007ffb11592000 	/System/Library/PrivateFrameworks/BiomeLibrary.framework/Versions/A/BiomeLibrary
0x00007ff82214b000 	/System/Library/Frameworks/CoreTelephony.framework/Versions/A/CoreTelephony
0x00007ff82572d000 	/System/Library/PrivateFrameworks/CoreDuetDaemonProtocol.framework/Versions/A/CoreDuetDaemonProtocol
0x00007ff81d975000 	/usr/lib/libTelephonyUtilDynamic.dylib
0x00000001b38e5000 	/Applications/IBM SPSS Statistics/SPSS Statistics.app/Contents/JRE/lib/libjpeg.dylib

VM Arguments:
jvm_args: -Djava.library.path=/Applications/IBM SPSS Statistics/SPSS Statistics.app/Contents/lib:/Applications/IBM SPSS Statistics/SPSS Statistics.app/Contents/bin -Xms32M -Xmx2048M -XX:NewRatio=2 -XX:NewSize=4M -Dspss.mac.ScreenDPI=72 -Dstatistics.home=/Applications/IBM SPSS Statistics/SPSS Statistics.app/Contents/bin -Djava.security.properties=/Applications/IBM SPSS Statistics/SPSS Statistics.app/Contents/bin/java.security -Dapplication.home=/Applications/IBM SPSS Statistics/SPSS Statistics.app/Contents/bin -Djava.library.path=/Applications/IBM SPSS Statistics/SPSS Statistics.app/Contents/bin:/Applications/IBM SPSS Statistics/SPSS Statistics.app/Contents/lib -Dmac_std_deployment.home=${HOME}/Library/Application\ Support/IBM/SPSS\ Statistics/28 -Dmac_activation.home=/Applications/IBM SPSS Statistics/SPSS Statistics.app/../Resources/Activation -Dstd_deployment.home=/Applications/IBM SPSS Statistics/SPSS Statistics.app/Contents -Dcommon_deployment.home=/Applications/IBM SPSS Statistics/SPSS Statistics.app/Contents/common -Dsntl.licensing.mac.library.name=liblssrv64.dylib 
java_command: com.spss.java_client.core.common.Driver
java_class_path (initial): :/Applications/IBM SPSS Statistics/SPSS Statistics.app/Contents/bin/json4j-1.0.jar:/Applications/IBM SPSS Statistics/SPSS Statistics.app/Contents/bin/jxbrowser-javafx-7.18.jar:/Applications/IBM SPSS Statistics/SPSS Statistics.app/Contents/bin/commons-discovery-0.5.jar:/Applications/IBM SPSS Statistics/SPSS Statistics.app/Contents/bin/commons-logging-1.2.jar:/Applications/IBM SPSS Statistics/SPSS Statistics.app/Contents/bin/excelxlsx.jar:/Applications/IBM SPSS Statistics/SPSS Statistics.app/Contents/bin/javax.inject-2.0.3.jar:/Applications/IBM SPSS Statistics/SPSS Statistics.app/Contents/bin/ExViewerDialogDemo.jar:/Applications/IBM SPSS Statistics/SPSS Statistics.app/Contents/bin/poi-ooxml-schemas-4.1.2.jar:/Applications/IBM SPSS Statistics/SPSS Statistics.app/Contents/bin/mail-1.4.7.jar:/Applications/IBM SPSS Statistics/SPSS Statistics.app/Contents/bin/InstallExtBundles.jar:/Applications/IBM SPSS Statistics/SPSS Statistics.app/Contents/bin/spssexcel.jar:/Applications/IBM SPSS Statistics/SPSS Statistics.app/Contents/bin/TreeEditor.jar:/Applications/IBM SPSS Statistics/SPSS Statistics.app/Contents/bin/RaveEditor.jar:/Applications/IBM SPSS Statistics/SPSS Statistics.app/Contents/bin/exacc.jar:/Applications/IBM SPSS Statistics/SPSS Statistics.app/Contents/bin/activation-1.1.jar:/Applications/IBM SPSS Statistics/SPSS Statistics.app/Contents/bin/SPSSClientUIRes.jar:/Applications/IBM SPSS Statistics/SPSS Statistics.app/Contents/bin/pasw-cf-common.jar:/Applications/IBM SPSS Statistics/SPSS Statistics.app/Contents/bin/reflections-0.9.12.jar:/Applications/IBM SPSS Statistics/SPSS Statistics.app/Contents/bin/TreeModel.jar:/Applications/IBM SPSS Statistics/SPSS Statistics.app/Contents/bin/easadapter.jar:/Applications/IBM SPSS Statistics/SPSS Statistics.app/Contents/bin/ImageTester.jar:/Applications/IBM SPSS Statistics/SPSS Statistics.app/Contents/bin/UC.jar:/Applications/IBM SPSS Statistics/SPSS Statistics.app/Contents/bin/VizJsonConverter.jar:/Appl
Launcher Type: SUN_STANDARD

Environment Variables:
PATH=/Applications/IBM SPSS Statistics/SPSS Statistics.app/Contents/bin:/Applications/IBM SPSS Statistics/SPSS Statistics.app/Contents/bin:/usr/bin:/bin:/usr/sbin:/sbin
SHELL=/bin/zsh
DISPLAY=/private/tmp/com.apple.launchd.Px9bfZOJKS/org.xquartz:0
DYLD_LIBRARY_PATH=/Applications/IBM SPSS Statistics/SPSS Statistics.app/Contents/lib:/Applications/IBM SPSS Statistics/SPSS Statistics.app/Contents/bin:/Applications/IBM SPSS Statistics/SPSS Statistics.app/Contents/ext/bin/spss.common:/Applications/IBM SPSS Statistics/SPSS Statistics.app/Contents/common/ext/bin/spss.common:/Applications/IBM SPSS Statistics/SPSS Statistics.app/Contents/JRE/lib/jli:/Applications/IBM SPSS Statistics/SPSS Statistics.app/Contents/common/thirdparty:

Signal Handlers:
SIGSEGV: [libjvm.dylib+0x5989b1], sa_mask[0]=11111111111111111111111111111111, sa_flags=SA_ONSTACK|SA_RESTART|SA_SIGINFO
SIGBUS: [libjvm.dylib+0x5989b1], sa_mask[0]=11111111111111111111111111111111, sa_flags=SA_RESTART|SA_SIGINFO
SIGFPE: [libjvm.dylib+0x48c67f], sa_mask[0]=11111111111111111111111111111111, sa_flags=SA_RESTART|SA_SIGINFO
SIGPIPE: [libjvm.dylib+0x48c67f], sa_mask[0]=11111111111111111111111111111111, sa_flags=SA_RESTART|SA_SIGINFO
SIGXFSZ: [libjvm.dylib+0x48c67f], sa_mask[0]=11111111111111111111111111111111, sa_flags=SA_RESTART|SA_SIGINFO
SIGILL: [libjvm.dylib+0x48c67f], sa_mask[0]=11111111111111111111111111111111, sa_flags=SA_RESTART|SA_SIGINFO
SIGUSR1: SIG_DFL, sa_mask[0]=00000000000000000000000000000000, sa_flags=none
SIGUSR2: [libjvm.dylib+0x48cf76], sa_mask[0]=00000000000000000000000000000000, sa_flags=SA_RESTART|SA_SIGINFO
SIGHUP: [libjvm.dylib+0x48b175], sa_mask[0]=11111111111111111111111111111111, sa_flags=SA_RESTART|SA_SIGINFO
SIGINT: [libjvm.dylib+0x48b175], sa_mask[0]=11111111111111111111111111111111, sa_flags=SA_RESTART|SA_SIGINFO
SIGTERM: [libjvm.dylib+0x48b175], sa_mask[0]=11111111111111111111111111111111, sa_flags=SA_RESTART|SA_SIGINFO
SIGQUIT: [libjvm.dylib+0x48b175], sa_mask[0]=11111111111111111111111111111111, sa_flags=SA_RESTART|SA_SIGINFO


---------------  S Y S T E M  ---------------

OS:Bsduname:Darwin 22.6.0 Darwin Kernel Version 22.6.0: Tue Nov  7 21:42:31 PST 2023; root:xnu-8796.141.3.702.9~2/RELEASE_ARM64_T8112 x86_64
rlimit: STACK 8176k, CORE 0k, NPROC 1333, NOFILE 10240, AS infinity
load average:1.58 1.75 1.82

CPU:total 8 (initial active 8) (1 cores per cpu, 1 threads per core) family 6 model 44 stepping 0, cmov, cx8, fxsr, mmx, sse, sse2, sse3, ssse3, sse4.1, sse4.2, popcnt, aes, clmul, tsc, tscinvbit, tscinv

Memory: 4k page, physical 8388608k(9472k free)

/proc/meminfo:


vm_info: OpenJDK 64-Bit Server VM (25.312-b07) for bsd-amd64 JRE (1.8.0_312-b07), built on Oct 15 2021 02:52:00 by "bellsoft" with gcc 4.2.1 Compatible Apple LLVM 10.0.1 (clang-1001.0.46.4)

time: Mon Mar 18 01:08:03 2024
timezone: CDT
elapsed time: 45551.799825 seconds (0d 12h 39m 11s)

